Using pre-set license
Built from '2020.3/support/zd130524' branch; Version is '2020.3.36f1 (71f96b79b9f0) revision 7469419'; Using compiler version '192528614'; Build Type 'Release'
OS: 'Windows 10  (10.0.19043) 64bit Core' Language: 'en' Physical Memory: 16267 MB
BatchMode: 1, IsHumanControllingUs: 0, StartBugReporterOnCrash: 0, Is64bit: 1, IsPro: 0

COMMAND LINE ARGUMENTS:
C:\Program Files\Unity\Hub\Editor\2020.3.36f1\Editor\Unity.exe
-adb2
-batchMode
-noUpm
-name
AssetImportWorker0
-projectPath
C:/Users/gofki/OneDrive/Documents/GitHub/Pugs-Frogs-IN-SPACE/PAFIS
-logFile
Logs/AssetImportWorker0.log
-srvPort
56187
Successfully changed project path to: C:/Users/gofki/OneDrive/Documents/GitHub/Pugs-Frogs-IN-SPACE/PAFIS
C:/Users/gofki/OneDrive/Documents/GitHub/Pugs-Frogs-IN-SPACE/PAFIS
Using Asset Import Pipeline V2.
Refreshing native plugins compatible for Editor in 56.80 ms, found 3 plugins.
Preloading 0 native plugins for Editor in 0.00 ms.
Initialize engine version: 2020.3.36f1 (71f96b79b9f0)
[Subsystems] Discovering subsystems at path C:/Program Files/Unity/Hub/Editor/2020.3.36f1/Editor/Data/Resources/UnitySubsystems
[Subsystems] Discovering subsystems at path C:/Users/gofki/OneDrive/Documents/GitHub/Pugs-Frogs-IN-SPACE/PAFIS/Assets
GfxDevice: creating device client; threaded=0
Direct3D:
    Version:  Direct3D 11.0 [level 11.1]
    Renderer: NVIDIA GeForce GTX 1050 (ID=0x1c8d)
    Vendor:   
    VRAM:     4021 MB
    Driver:   27.21.14.6089
Initialize mono
Mono path[0] = 'C:/Program Files/Unity/Hub/Editor/2020.3.36f1/Editor/Data/Managed'
Mono path[1] = 'C:/Program Files/Unity/Hub/Editor/2020.3.36f1/Editor/Data/MonoBleedingEdge/lib/mono/unityjit'
Mono config path = 'C:/Program Files/Unity/Hub/Editor/2020.3.36f1/Editor/Data/MonoBleedingEdge/etc'
Using monoOptions --debugger-agent=transport=dt_socket,embedding=1,server=y,suspend=n,address=127.0.0.1:56444
Begin MonoManager ReloadAssembly
Registering precompiled unity dll's ...
Register platform support module: C:/Program Files/Unity/Hub/Editor/2020.3.36f1/Editor/Data/PlaybackEngines/WindowsStandaloneSupport/UnityEditor.WindowsStandalone.Extensions.dll
Registered in 0.002436 seconds.
Native extension for WindowsStandalone target not found
Refreshing native plugins compatible for Editor in 53.89 ms, found 3 plugins.
Preloading 0 native plugins for Editor in 0.00 ms.
Mono: successfully reloaded assembly
- Completed reload, in  0.672 seconds
Domain Reload Profiling:
	ReloadAssembly (673ms)
		BeginReloadAssembly (78ms)
			ExecutionOrderSort (0ms)
			DisableScriptedObjects (0ms)
			BackupInstance (0ms)
			ReleaseScriptingObjects (0ms)
			CreateAndSetChildDomain (1ms)
		EndReloadAssembly (512ms)
			LoadAssemblies (76ms)
			RebuildTransferFunctionScriptingTraits (0ms)
			SetupTypeCache (163ms)
			ReleaseScriptCaches (0ms)
			RebuildScriptCaches (34ms)
			SetupLoadedEditorAssemblies (194ms)
				LogAssemblyErrors (0ms)
				InitializePlatformSupportModulesInManaged (4ms)
				SetLoadedEditorAssemblies (0ms)
				RefreshPlugins (54ms)
				BeforeProcessingInitializeOnLoad (10ms)
				ProcessInitializeOnLoadAttributes (92ms)
				ProcessInitializeOnLoadMethodAttributes (33ms)
				AfterProcessingInitializeOnLoad (0ms)
				EditorAssembliesLoaded (0ms)
			ExecutionOrderSort2 (0ms)
			AwakeInstancesAfterBackupRestoration (0ms)
Platform modules already initialized, skipping
Registering precompiled user dll's ...
Registered in 0.003771 seconds.
Begin MonoManager ReloadAssembly
Native extension for WindowsStandalone target not found
Refreshing native plugins compatible for Editor in 48.08 ms, found 3 plugins.
Preloading 0 native plugins for Editor in 0.00 ms.
Mono: successfully reloaded assembly
- Completed reload, in  1.276 seconds
Domain Reload Profiling:
	ReloadAssembly (1277ms)
		BeginReloadAssembly (176ms)
			ExecutionOrderSort (0ms)
			DisableScriptedObjects (6ms)
			BackupInstance (0ms)
			ReleaseScriptingObjects (0ms)
			CreateAndSetChildDomain (22ms)
		EndReloadAssembly (1024ms)
			LoadAssemblies (118ms)
			RebuildTransferFunctionScriptingTraits (0ms)
			SetupTypeCache (353ms)
			ReleaseScriptCaches (0ms)
			RebuildScriptCaches (53ms)
			SetupLoadedEditorAssemblies (371ms)
				LogAssemblyErrors (0ms)
				InitializePlatformSupportModulesInManaged (4ms)
				SetLoadedEditorAssemblies (0ms)
				RefreshPlugins (48ms)
				BeforeProcessingInitializeOnLoad (76ms)
				ProcessInitializeOnLoadAttributes (212ms)
				ProcessInitializeOnLoadMethodAttributes (23ms)
				AfterProcessingInitializeOnLoad (8ms)
				EditorAssembliesLoaded (0ms)
			ExecutionOrderSort2 (0ms)
			AwakeInstancesAfterBackupRestoration (2ms)
Platform modules already initialized, skipping
========================================================================
Worker process is ready to serve import requests
Launched and connected shader compiler UnityShaderCompiler.exe after 0.06 seconds
Refreshing native plugins compatible for Editor in 0.62 ms, found 3 plugins.
Preloading 0 native plugins for Editor in 0.00 ms.
Unloading 2213 Unused Serialized files (Serialized files now loaded: 0)
System memory in use before: 97.6 MB.
System memory in use after: 97.6 MB.

Unloading 31 unused Assets to reduce memory usage. Loaded Objects now: 2649.
Total: 4.290300 ms (FindLiveObjects: 0.301900 ms CreateObjectMapping: 0.143300 ms MarkObjects: 3.686000 ms  DeleteObjects: 0.158000 ms)

AssetImportParameters requested are different than current active one (requested -> active):
  custom:framework-win-MediaFoundation: 216162199b28c13a410421893ffa2e32 -> 
  custom:video-decoder-ogg-theora: a1e56fd34408186e4bbccfd4996cb3dc -> 
  custom:container-muxer-webm: aa71ff27fc2769a1b78a27578f13a17b -> 
  custom:container-demuxer-webm: 4f35f7cbe854078d1ac9338744f61a02 -> 
  custom:container-demuxer-ogg: 62fdf1f143b41e24485cea50d1cbac27 -> 
  custom:video-encoder-webm-vp8: eb34c28f22e8b96e1ab97ce403110664 -> 
  custom:video-decoder-webm-vp8: 9c59270c3fd7afecdb556c50c9e8de78 -> 
  custom:audio-decoder-ogg-vorbis: bf7c407c2cedff20999df2af8eb42d56 -> 
  custom:audio-encoder-webm-vorbis: bf7c407c2cedff20999df2af8eb42d56 -> 
========================================================================
Received Import Request.
  path: Assets/Art/Green Lightsaber.png
  artifactKey: Guid(3cdef6c18dc34d94b8009bad9da37a30) Importer(815301076,1909f56bfc062723c751e8b465ee728b)
Start importing Assets/Art/Green Lightsaber.png using Guid(3cdef6c18dc34d94b8009bad9da37a30) Importer(815301076,1909f56bfc062723c751e8b465ee728b)  -> (artifact id: '373384e04cf9bd76e0036202e4be023d') in 0.216420 seconds 
========================================================================
Received Import Request.
  Time since last request: 0.000417 seconds.
  path: Assets/Art/Frogs_Collectible (1).png
  artifactKey: Guid(8ed208c2d333e1645ba33f99c551d9de) Importer(815301076,1909f56bfc062723c751e8b465ee728b)
Start importing Assets/Art/Frogs_Collectible (1).png using Guid(8ed208c2d333e1645ba33f99c551d9de) Importer(815301076,1909f56bfc062723c751e8b465ee728b)  -> (artifact id: '631c263f203d8c8e23c571a77b82f295') in 0.018014 seconds 
========================================================================
Received Import Request.
  Time since last request: 0.000379 seconds.
  path: Assets/Art
  artifactKey: Guid(5d5d9e74b626d604bb6880d198a3f4c2) Importer(815301076,1909f56bfc062723c751e8b465ee728b)
Start importing Assets/Art using Guid(5d5d9e74b626d604bb6880d198a3f4c2) Importer(815301076,1909f56bfc062723c751e8b465ee728b)  -> (artifact id: '6bb68ab180a90d99c582e1efbaf40e00') in 0.007554 seconds 
========================================================================
Received Import Request.
  Time since last request: 0.000398 seconds.
  path: Assets/Art/Final Assets/Lightsaber Prefab.prefab
  artifactKey: Guid(d82f9531f6417ef498304e60ef2b8b41) Importer(815301076,1909f56bfc062723c751e8b465ee728b)
Start importing Assets/Art/Final Assets/Lightsaber Prefab.prefab using Guid(d82f9531f6417ef498304e60ef2b8b41) Importer(815301076,1909f56bfc062723c751e8b465ee728b)  -> (artifact id: '273c25faf3f0c123eabddbfd8821dfc3') in 0.213661 seconds 
========================================================================
Received Import Request.
  Time since last request: 0.000760 seconds.
  path: Assets/Art/BattleMap.png
  artifactKey: Guid(f48e6c9b98fce3e4186c6161f9b62219) Importer(815301076,1909f56bfc062723c751e8b465ee728b)
Start importing Assets/Art/BattleMap.png using Guid(f48e6c9b98fce3e4186c6161f9b62219) Importer(815301076,1909f56bfc062723c751e8b465ee728b)  -> (artifact id: '88ef94215829aa29eeb892e4e07d6dbf') in 0.057823 seconds 
========================================================================
Received Import Request.
  Time since last request: 0.000445 seconds.
  path: Assets/Art/Ice Cube.png
  artifactKey: Guid(bf13a7d126dcf5341955ea74b8a89730) Importer(815301076,1909f56bfc062723c751e8b465ee728b)
Start importing Assets/Art/Ice Cube.png using Guid(bf13a7d126dcf5341955ea74b8a89730) Importer(815301076,1909f56bfc062723c751e8b465ee728b)  -> (artifact id: '66c91d6bd77fb7061666217cb60ebd81') in 0.023908 seconds 
========================================================================
Received Import Request.
  Time since last request: 0.000439 seconds.
  path: Assets/Art/Frog_Player.png
  artifactKey: Guid(794d30b52fe43f04bbc8a5398ae66e71) Importer(815301076,1909f56bfc062723c751e8b465ee728b)
Start importing Assets/Art/Frog_Player.png using Guid(794d30b52fe43f04bbc8a5398ae66e71) Importer(815301076,1909f56bfc062723c751e8b465ee728b)  -> (artifact id: 'd03ad0c0e7c074fdce5031b192790a4e') in 0.028903 seconds 
========================================================================
Received Import Request.
  Time since last request: 0.000482 seconds.
  path: Assets/Art/MainMenu.png
  artifactKey: Guid(3c79123ec315d0f4eb836a45b609da6e) Importer(815301076,1909f56bfc062723c751e8b465ee728b)
Start importing Assets/Art/MainMenu.png using Guid(3c79123ec315d0f4eb836a45b609da6e) Importer(815301076,1909f56bfc062723c751e8b465ee728b)  -> (artifact id: 'd13baf8d6901aaf1bfe15fab91461937') in 0.032469 seconds 
========================================================================
Received Import Request.
  Time since last request: 0.000367 seconds.
  path: Assets/Art/Pugs_Collectible (1).png
  artifactKey: Guid(10db7d76d8bbfeb409b580c8f0808aac) Importer(815301076,1909f56bfc062723c751e8b465ee728b)
Start importing Assets/Art/Pugs_Collectible (1).png using Guid(10db7d76d8bbfeb409b580c8f0808aac) Importer(815301076,1909f56bfc062723c751e8b465ee728b)  -> (artifact id: '068a1e976b92b2240dc7fcb093bb356c') in 0.022476 seconds 
========================================================================
Received Import Request.
  Time since last request: 0.000267 seconds.
  path: Assets/Art/Pivoted Red lightsaber.png
  artifactKey: Guid(60f3cb951e22178438a91ff1c44cb61c) Importer(815301076,1909f56bfc062723c751e8b465ee728b)
Start importing Assets/Art/Pivoted Red lightsaber.png using Guid(60f3cb951e22178438a91ff1c44cb61c) Importer(815301076,1909f56bfc062723c751e8b465ee728b)  -> (artifact id: '50e52ed9721cded0c1cfe2279501dc53') in 0.027648 seconds 
========================================================================
Received Import Request.
  Time since last request: 0.000337 seconds.
  path: Assets/Art/Frog_Collectible_Ice.png
  artifactKey: Guid(325aab62ff5fb0046add54a1c7e57347) Importer(815301076,1909f56bfc062723c751e8b465ee728b)
Start importing Assets/Art/Frog_Collectible_Ice.png using Guid(325aab62ff5fb0046add54a1c7e57347) Importer(815301076,1909f56bfc062723c751e8b465ee728b)  -> (artifact id: '7daaad98a153987dce864fa92fc6d741') in 0.025381 seconds 
========================================================================
Received Import Request.
  Time since last request: 0.000277 seconds.
  path: Assets/Art/Pugs_Collectible.png
  artifactKey: Guid(92bf3bbb0560dc64b8f49b530c9fd393) Importer(815301076,1909f56bfc062723c751e8b465ee728b)
Start importing Assets/Art/Pugs_Collectible.png using Guid(92bf3bbb0560dc64b8f49b530c9fd393) Importer(815301076,1909f56bfc062723c751e8b465ee728b)  -> (artifact id: '2fc5d347215f40625a4fa9eabca77b81') in 0.023892 seconds 
========================================================================
Received Import Request.
  Time since last request: 0.000249 seconds.
  path: Assets/Art/Pug_Collectible.png
  artifactKey: Guid(4fbc90cd6bbb78c44b3b19db97e66d3e) Importer(815301076,1909f56bfc062723c751e8b465ee728b)
Start importing Assets/Art/Pug_Collectible.png using Guid(4fbc90cd6bbb78c44b3b19db97e66d3e) Importer(815301076,1909f56bfc062723c751e8b465ee728b)  -> (artifact id: 'f8f4ebd10ffd9187f3fcbb31ea66e226') in 0.021527 seconds 
========================================================================
Received Import Request.
  Time since last request: 0.000219 seconds.
  path: Assets/Art/Final Assets/Frog Bullet Prefab.prefab
  artifactKey: Guid(840ce0c9b4cb70e4e916326a064df18c) Importer(815301076,1909f56bfc062723c751e8b465ee728b)
Start importing Assets/Art/Final Assets/Frog Bullet Prefab.prefab using Guid(840ce0c9b4cb70e4e916326a064df18c) Importer(815301076,1909f56bfc062723c751e8b465ee728b)  -> (artifact id: '53abc95a348b8f1868b43ed31d904afb') in 0.026031 seconds 
========================================================================
Received Import Request.
  Time since last request: 0.000775 seconds.
  path: Assets/Art/Pug Bullet.png
  artifactKey: Guid(104e996d5bc4eb84f9a49c185c08bd5c) Importer(815301076,1909f56bfc062723c751e8b465ee728b)
Start importing Assets/Art/Pug Bullet.png using Guid(104e996d5bc4eb84f9a49c185c08bd5c) Importer(815301076,1909f56bfc062723c751e8b465ee728b)  -> (artifact id: '5e9012ec142f928ffd33d07ed06d8941') in 0.026928 seconds 
========================================================================
Received Import Request.
  Time since last request: 0.000311 seconds.
  path: Assets/Art/Final Assets/Fire Extinguisher Prefab.prefab
  artifactKey: Guid(938dc21ee5f05ee4b8e9ab242de491c2) Importer(815301076,1909f56bfc062723c751e8b465ee728b)
Start importing Assets/Art/Final Assets/Fire Extinguisher Prefab.prefab using Guid(938dc21ee5f05ee4b8e9ab242de491c2) Importer(815301076,1909f56bfc062723c751e8b465ee728b)  -> (artifact id: '11df94a47ad0158010f48ff0c2101c93') in 0.024776 seconds 
========================================================================
Received Import Request.
  Time since last request: 0.000662 seconds.
  path: Assets/Art/Frog Bullet.png
  artifactKey: Guid(c73f66528636dfb4a9432d869d37971f) Importer(815301076,1909f56bfc062723c751e8b465ee728b)
Start importing Assets/Art/Frog Bullet.png using Guid(c73f66528636dfb4a9432d869d37971f) Importer(815301076,1909f56bfc062723c751e8b465ee728b)  -> (artifact id: '7ee59c5a899559792b1e8edaaa9b93d7') in 0.024499 seconds 
========================================================================
Received Import Request.
  Time since last request: 0.000310 seconds.
  path: Assets/Art/OpeningScene.png
  artifactKey: Guid(76eb774c8e90cb7458e7d346b21deee2) Importer(815301076,1909f56bfc062723c751e8b465ee728b)
Start importing Assets/Art/OpeningScene.png using Guid(76eb774c8e90cb7458e7d346b21deee2) Importer(815301076,1909f56bfc062723c751e8b465ee728b)  -> (artifact id: '442a27974941bfabe49512ae70fc1b41') in 0.025426 seconds 
========================================================================
Received Import Request.
  Time since last request: 0.000444 seconds.
  path: Assets/Art/Final Assets/Mini Fridge Prefab.prefab
  artifactKey: Guid(d7437a14c02ed5d4faf9ba4f949ce7e0) Importer(815301076,1909f56bfc062723c751e8b465ee728b)
Start importing Assets/Art/Final Assets/Mini Fridge Prefab.prefab using Guid(d7437a14c02ed5d4faf9ba4f949ce7e0) Importer(815301076,1909f56bfc062723c751e8b465ee728b)  -> (artifact id: 'ca75b008676237696bf06907469776f8') in 0.027332 seconds 
========================================================================
Received Import Request.
  Time since last request: 0.000351 seconds.
  path: Assets/Art/Fire Extinguisher.png
  artifactKey: Guid(9843043ec6d6a6c4b9647e25da86a7bc) Importer(815301076,1909f56bfc062723c751e8b465ee728b)
Start importing Assets/Art/Fire Extinguisher.png using Guid(9843043ec6d6a6c4b9647e25da86a7bc) Importer(815301076,1909f56bfc062723c751e8b465ee728b)  -> (artifact id: '6fa596985487feaaaff0117ed8e9a6ec') in 0.024242 seconds 
========================================================================
Received Import Request.
  Time since last request: 0.000375 seconds.
  path: Assets/Art/Frogs_Collectible.png
  artifactKey: Guid(d2831235bdc64e94fb9a278fce821820) Importer(815301076,1909f56bfc062723c751e8b465ee728b)
Start importing Assets/Art/Frogs_Collectible.png using Guid(d2831235bdc64e94fb9a278fce821820) Importer(815301076,1909f56bfc062723c751e8b465ee728b)  -> (artifact id: '1f2d4d5d8515f9f172938c1e07b65951') in 0.022354 seconds 
========================================================================
Received Import Request.
  Time since last request: 0.000423 seconds.
  path: Assets/Art/Final Assets/Pug Bullet Prefab.prefab
  artifactKey: Guid(416bde1fa0bdf5f44912f768cc652cd8) Importer(815301076,1909f56bfc062723c751e8b465ee728b)
Start importing Assets/Art/Final Assets/Pug Bullet Prefab.prefab using Guid(416bde1fa0bdf5f44912f768cc652cd8) Importer(815301076,1909f56bfc062723c751e8b465ee728b)  -> (artifact id: '54aa6403011a161d7a43a556e887fbf4') in 0.031288 seconds 
========================================================================
Received Import Request.
  Time since last request: 0.000254 seconds.
  path: Assets/Art/Mini Fridge.png
  artifactKey: Guid(6033be170c8489543aad895a930cbe44) Importer(815301076,1909f56bfc062723c751e8b465ee728b)
Start importing Assets/Art/Mini Fridge.png using Guid(6033be170c8489543aad895a930cbe44) Importer(815301076,1909f56bfc062723c751e8b465ee728b)  -> (artifact id: 'b1c7fc4cfec4643cb4a887418aa37e54') in 0.025094 seconds 
========================================================================
Received Import Request.
  Time since last request: 0.000370 seconds.
  path: Assets/Art/Frogs_Collectible_1.png
  artifactKey: Guid(03c67d685cee61d4388fd26f22041bcd) Importer(815301076,1909f56bfc062723c751e8b465ee728b)
Start importing Assets/Art/Frogs_Collectible_1.png using Guid(03c67d685cee61d4388fd26f22041bcd) Importer(815301076,1909f56bfc062723c751e8b465ee728b)  -> (artifact id: '51b58dee2a25ead3e562596d1c3a753f') in 0.024642 seconds 
========================================================================
Received Import Request.
  Time since last request: 0.000418 seconds.
  path: Assets/Art/Red lightsaber.png
  artifactKey: Guid(ea1b729314d461545ba2ce51f99b5f08) Importer(815301076,1909f56bfc062723c751e8b465ee728b)
Start importing Assets/Art/Red lightsaber.png using Guid(ea1b729314d461545ba2ce51f99b5f08) Importer(815301076,1909f56bfc062723c751e8b465ee728b)  -> (artifact id: 'fb42defb2a77c65f218cbf12dd32bb55') in 0.031723 seconds 
========================================================================
Received Import Request.
  Time since last request: 0.000345 seconds.
  path: Assets/Art/Final Assets
  artifactKey: Guid(dd7ecd6a425972a4a93e90abe329d79a) Importer(815301076,1909f56bfc062723c751e8b465ee728b)
Start importing Assets/Art/Final Assets using Guid(dd7ecd6a425972a4a93e90abe329d79a) Importer(815301076,1909f56bfc062723c751e8b465ee728b)  -> (artifact id: '8fef716b23f88b9f0d59fd0761fda64d') in 0.009129 seconds 
========================================================================
Received Import Request.
  Time since last request: 0.000303 seconds.
  path: Assets/Art/Pug_Player.png
  artifactKey: Guid(bf783059db7a6a746a3de5e143da5158) Importer(815301076,1909f56bfc062723c751e8b465ee728b)
Start importing Assets/Art/Pug_Player.png using Guid(bf783059db7a6a746a3de5e143da5158) Importer(815301076,1909f56bfc062723c751e8b465ee728b)  -> (artifact id: '8a83d688336263734b3b143656a592fd') in 0.022656 seconds 
========================================================================
Received Import Request.
  Time since last request: 948.311592 seconds.
  path: Assets/Art/UI Assets/Frog Power Up.png
  artifactKey: Guid(05eb24ced73595a408c9be898050de5f) Importer(815301076,1909f56bfc062723c751e8b465ee728b)
Start importing Assets/Art/UI Assets/Frog Power Up.png using Guid(05eb24ced73595a408c9be898050de5f) Importer(815301076,1909f56bfc062723c751e8b465ee728b)  -> (artifact id: '0ef1d3685adf75af93f09aac2524b91b') in 0.143271 seconds 
========================================================================
Received Import Request.
  Time since last request: 0.000409 seconds.
  path: Assets/Art/UI Assets/Pug_Power_Up.png
  artifactKey: Guid(63b66635bee5e3240b82a505e3a989be) Importer(815301076,1909f56bfc062723c751e8b465ee728b)
Start importing Assets/Art/UI Assets/Pug_Power_Up.png using Guid(63b66635bee5e3240b82a505e3a989be) Importer(815301076,1909f56bfc062723c751e8b465ee728b)  -> (artifact id: '549214bb30117b9ab31b7e05665ff6a0') in 0.193134 seconds 
========================================================================
Received Import Request.
  Time since last request: 1.395580 seconds.
  path: Assets/Scenes/FightArena.unity
  artifactKey: Guid(76d7daa346079ed4f9ffa0481aff8cef) Importer(815301076,1909f56bfc062723c751e8b465ee728b)
Start importing Assets/Scenes/FightArena.unity using Guid(76d7daa346079ed4f9ffa0481aff8cef) Importer(815301076,1909f56bfc062723c751e8b465ee728b)  -> (artifact id: '99294ffb0d63a97d0350947aab00de14') in 0.010706 seconds 
========================================================================
Received Import Request.
  Time since last request: 0.952741 seconds.
  path: Assets/Scenes/MainMenu.unity
  artifactKey: Guid(2cda990e2423bbf4892e6590ba056729) Importer(815301076,1909f56bfc062723c751e8b465ee728b)
Start importing Assets/Scenes/MainMenu.unity using Guid(2cda990e2423bbf4892e6590ba056729) Importer(815301076,1909f56bfc062723c751e8b465ee728b)  -> (artifact id: 'ed9b1d330444e3c66645a63c2a1740ae') in 0.021378 seconds 
========================================================================
Received Import Request.
  Time since last request: 0.613713 seconds.
  path: Assets/Scenes/OpeningScene.unity
  artifactKey: Guid(21359f1bd5117704a8fc60731519c174) Importer(815301076,1909f56bfc062723c751e8b465ee728b)
Start importing Assets/Scenes/OpeningScene.unity using Guid(21359f1bd5117704a8fc60731519c174) Importer(815301076,1909f56bfc062723c751e8b465ee728b)  -> (artifact id: '71b27bac4a4ab963a68c1ea8e5ad5aa1') in 0.009601 seconds 
========================================================================
Received Import Request.
  Time since last request: 7.445514 seconds.
  path: Assets/Art/Menu Assets/Exit.png
  artifactKey: Guid(e22096f676a15654795e72684f7888bf) Importer(815301076,1909f56bfc062723c751e8b465ee728b)
Start importing Assets/Art/Menu Assets/Exit.png using Guid(e22096f676a15654795e72684f7888bf) Importer(815301076,1909f56bfc062723c751e8b465ee728b)  -> (artifact id: '8b8285c3f2734a10cad4f3902997e411') in 0.030323 seconds 
========================================================================
Received Import Request.
  Time since last request: 0.000471 seconds.
  path: Assets/Art/Menu Assets/Settings.png
  artifactKey: Guid(1486b1f0d1039424fb5a96bb145ccdfc) Importer(815301076,1909f56bfc062723c751e8b465ee728b)
Start importing Assets/Art/Menu Assets/Settings.png using Guid(1486b1f0d1039424fb5a96bb145ccdfc) Importer(815301076,1909f56bfc062723c751e8b465ee728b)  -> (artifact id: '56f3c5ff70a6ac2a3992f6365a323fa4') in 0.024813 seconds 
========================================================================
Received Import Request.
  Time since last request: 0.000411 seconds.
  path: Assets/Art/Menu Assets/Pug_Power_Up.png
  artifactKey: Guid(50a209fdc1605a44189b4c38f51e7f72) Importer(815301076,1909f56bfc062723c751e8b465ee728b)
Start importing Assets/Art/Menu Assets/Pug_Power_Up.png using Guid(50a209fdc1605a44189b4c38f51e7f72) Importer(815301076,1909f56bfc062723c751e8b465ee728b)  -> (artifact id: '06739fb36468d41a2a702defd0f3deca') in 0.029378 seconds 
========================================================================
Received Import Request.
  Time since last request: 0.000339 seconds.
  path: Assets/Art/Menu Assets/Start1.png
  artifactKey: Guid(b146b77cc4e27ff4c8e74116fb0172d9) Importer(815301076,1909f56bfc062723c751e8b465ee728b)
Start importing Assets/Art/Menu Assets/Start1.png using Guid(b146b77cc4e27ff4c8e74116fb0172d9) Importer(815301076,1909f56bfc062723c751e8b465ee728b)  -> (artifact id: '18361384441c2179b64dc2585356c19a') in 0.025399 seconds 
========================================================================
Received Import Request.
  Time since last request: 189.488896 seconds.
  path: Assets/Art/Materials/Frog Bullet Trail.mat
  artifactKey: Guid(0b6753f74a4cb2741acf859a24e5b1ae) Importer(815301076,1909f56bfc062723c751e8b465ee728b)
Start importing Assets/Art/Materials/Frog Bullet Trail.mat using Guid(0b6753f74a4cb2741acf859a24e5b1ae) Importer(815301076,1909f56bfc062723c751e8b465ee728b)  -> (artifact id: '932ee909f668174f82aba145572c5594') in 0.084963 seconds 
========================================================================
Received Import Request.
  Time since last request: 0.000365 seconds.
  path: Assets/Art/Materials/Snowflakes.mat
  artifactKey: Guid(85b92fc86d9d0644e901a477673aa18e) Importer(815301076,1909f56bfc062723c751e8b465ee728b)
Start importing Assets/Art/Materials/Snowflakes.mat using Guid(85b92fc86d9d0644e901a477673aa18e) Importer(815301076,1909f56bfc062723c751e8b465ee728b)  -> (artifact id: '5b3791227c42e33f33248a5dfc9e6817') in 0.049396 seconds 
========================================================================
Received Import Request.
  Time since last request: 0.000347 seconds.
  path: Assets/Art/Materials/Pug Bullet.mat
  artifactKey: Guid(357ef1d76d5e85d458382205d3dab4b2) Importer(815301076,1909f56bfc062723c751e8b465ee728b)
Start importing Assets/Art/Materials/Pug Bullet.mat using Guid(357ef1d76d5e85d458382205d3dab4b2) Importer(815301076,1909f56bfc062723c751e8b465ee728b)  -> (artifact id: '436155b9f13cac6652f8e7b65324fbd2') in 0.033420 seconds 
========================================================================
Received Import Request.
  Time since last request: 0.000346 seconds.
  path: Assets/Art/Materials/Snowflake.png
  artifactKey: Guid(51f0fbd0d68d8db4db5e2941dfb843d1) Importer(815301076,1909f56bfc062723c751e8b465ee728b)
Start importing Assets/Art/Materials/Snowflake.png using Guid(51f0fbd0d68d8db4db5e2941dfb843d1) Importer(815301076,1909f56bfc062723c751e8b465ee728b)  -> (artifact id: 'f4231225dff19dc8cfebbe8a5471495c') in 0.031036 seconds 
========================================================================
Received Import Request.
  Time since last request: 0.000632 seconds.
  path: Assets/Art/Materials/Ice Cubes.mat
  artifactKey: Guid(f90eabe386a302d4eaac881737665b67) Importer(815301076,1909f56bfc062723c751e8b465ee728b)
Start importing Assets/Art/Materials/Ice Cubes.mat using Guid(f90eabe386a302d4eaac881737665b67) Importer(815301076,1909f56bfc062723c751e8b465ee728b)  -> (artifact id: 'a2be737eba0a9a380c8f4bce46a09fc7') in 0.035185 seconds 
========================================================================
Received Import Request.
  Time since last request: 4.405333 seconds.
  path: Assets/Scenes/UI.unity
  artifactKey: Guid(d85c6e24a8dd1da4a860d212478c2079) Importer(815301076,1909f56bfc062723c751e8b465ee728b)
Start importing Assets/Scenes/UI.unity using Guid(d85c6e24a8dd1da4a860d212478c2079) Importer(815301076,1909f56bfc062723c751e8b465ee728b)  -> (artifact id: '4250dedbe6c4ad239a0fc591840b50d3') in 0.009423 seconds 
========================================================================
Received Prepare
Registering precompiled user dll's ...
Registered in 0.004239 seconds.
Begin MonoManager ReloadAssembly
Native extension for WindowsStandalone target not found
Refreshing native plugins compatible for Editor in 0.52 ms, found 3 plugins.
Preloading 0 native plugins for Editor in 0.00 ms.
Mono: successfully reloaded assembly
- Completed reload, in  1.036 seconds
Domain Reload Profiling:
	ReloadAssembly (1037ms)
		BeginReloadAssembly (130ms)
			ExecutionOrderSort (0ms)
			DisableScriptedObjects (5ms)
			BackupInstance (0ms)
			ReleaseScriptingObjects (0ms)
			CreateAndSetChildDomain (41ms)
		EndReloadAssembly (843ms)
			LoadAssemblies (105ms)
			RebuildTransferFunctionScriptingTraits (0ms)
			SetupTypeCache (296ms)
			ReleaseScriptCaches (1ms)
			RebuildScriptCaches (46ms)
			SetupLoadedEditorAssemblies (306ms)
				LogAssemblyErrors (0ms)
				InitializePlatformSupportModulesInManaged (5ms)
				SetLoadedEditorAssemblies (0ms)
				RefreshPlugins (1ms)
				BeforeProcessingInitializeOnLoad (71ms)
				ProcessInitializeOnLoadAttributes (206ms)
				ProcessInitializeOnLoadMethodAttributes (16ms)
				AfterProcessingInitializeOnLoad (7ms)
				EditorAssembliesLoaded (0ms)
			ExecutionOrderSort2 (0ms)
			AwakeInstancesAfterBackupRestoration (5ms)
Platform modules already initialized, skipping
Refreshing native plugins compatible for Editor in 0.53 ms, found 3 plugins.
Preloading 0 native plugins for Editor in 0.00 ms.
Unloading 2208 Unused Serialized files (Serialized files now loaded: 0)
System memory in use before: 101.1 MB.
System memory in use after: 101.2 MB.

Unloading 22 unused Assets to reduce memory usage. Loaded Objects now: 2722.
Total: 3.282200 ms (FindLiveObjects: 0.242900 ms CreateObjectMapping: 0.112000 ms MarkObjects: 2.722000 ms  DeleteObjects: 0.204400 ms)

AssetImportParameters requested are different than current active one (requested -> active):
  custom:framework-win-MediaFoundation: 216162199b28c13a410421893ffa2e32 -> 
  custom:video-decoder-ogg-theora: a1e56fd34408186e4bbccfd4996cb3dc -> 
  custom:container-muxer-webm: aa71ff27fc2769a1b78a27578f13a17b -> 
  custom:container-demuxer-webm: 4f35f7cbe854078d1ac9338744f61a02 -> 
  custom:container-demuxer-ogg: 62fdf1f143b41e24485cea50d1cbac27 -> 
  custom:video-encoder-webm-vp8: eb34c28f22e8b96e1ab97ce403110664 -> 
  custom:video-decoder-webm-vp8: 9c59270c3fd7afecdb556c50c9e8de78 -> 
  custom:audio-decoder-ogg-vorbis: bf7c407c2cedff20999df2af8eb42d56 -> 
  custom:audio-encoder-webm-vorbis: bf7c407c2cedff20999df2af8eb42d56 -> 
========================================================================
Received Import Request.
  Time since last request: 101.832254 seconds.
  path: Assets/Scenes/MainMenu.unity
  artifactKey: Guid(2cda990e2423bbf4892e6590ba056729) Importer(815301076,1909f56bfc062723c751e8b465ee728b)
Start importing Assets/Scenes/MainMenu.unity using Guid(2cda990e2423bbf4892e6590ba056729) Importer(815301076,1909f56bfc062723c751e8b465ee728b)  -> (artifact id: 'd9a306a65847755747a2921126bdb4d4') in 0.016652 seconds 
========================================================================
Received Import Request.
  Time since last request: 6.370297 seconds.
  path: Assets/Scenes/Settings.unity
  artifactKey: Guid(e82767935cbf7f5449a71408e3ea23a3) Importer(815301076,1909f56bfc062723c751e8b465ee728b)
Start importing Assets/Scenes/Settings.unity using Guid(e82767935cbf7f5449a71408e3ea23a3) Importer(815301076,1909f56bfc062723c751e8b465ee728b)  -> (artifact id: '5b712e89ec87384b3e41546e52e4763a') in 0.009961 seconds 
========================================================================
Received Import Request.
  Time since last request: 1.382820 seconds.
  path: Assets/Scenes/ShootingTesting.unity
  artifactKey: Guid(577cba4b355958541a386bd9b8a3c487) Importer(815301076,1909f56bfc062723c751e8b465ee728b)
Start importing Assets/Scenes/ShootingTesting.unity using Guid(577cba4b355958541a386bd9b8a3c487) Importer(815301076,1909f56bfc062723c751e8b465ee728b)  -> (artifact id: 'bd61a678f14b060464b517ee2b186421') in 0.007703 seconds 
AssetImportWorkerClient::OnTransportError - code=2 error=End of file
