Using pre-set license
Built from '2020.3/support/zd130524' branch; Version is '2020.3.36f1 (71f96b79b9f0) revision 7469419'; Using compiler version '192528614'; Build Type 'Release'
OS: 'Windows 11  (10.0.22000) 64bit Core' Language: 'en' Physical Memory: 16218 MB
BatchMode: 1, IsHumanControllingUs: 0, StartBugReporterOnCrash: 0, Is64bit: 1, IsPro: 0

COMMAND LINE ARGUMENTS:
C:\Program Files\Unity\Hub\Editor\2020.3.36f1\Editor\Unity.exe
-adb2
-batchMode
-noUpm
-name
AssetImportWorker0
-projectPath
C:/Users/arsht/OneDrive/Documents/GitHub/Pugs-Frogs-IN-SPACE/PAFIS
-logFile
Logs/AssetImportWorker0.log
-srvPort
49830
Successfully changed project path to: C:/Users/arsht/OneDrive/Documents/GitHub/Pugs-Frogs-IN-SPACE/PAFIS
C:/Users/arsht/OneDrive/Documents/GitHub/Pugs-Frogs-IN-SPACE/PAFIS
Using Asset Import Pipeline V2.
Refreshing native plugins compatible for Editor in 47.96 ms, found 3 plugins.
Preloading 0 native plugins for Editor in 0.00 ms.
Initialize engine version: 2020.3.36f1 (71f96b79b9f0)
[Subsystems] Discovering subsystems at path C:/Program Files/Unity/Hub/Editor/2020.3.36f1/Editor/Data/Resources/UnitySubsystems
[Subsystems] Discovering subsystems at path C:/Users/arsht/OneDrive/Documents/GitHub/Pugs-Frogs-IN-SPACE/PAFIS/Assets
GfxDevice: creating device client; threaded=0
Direct3D:
    Version:  Direct3D 11.0 [level 11.1]
    Renderer: Intel(R) Iris(R) Xe Graphics (ID=0x9a49)
    Vendor:   
    VRAM:     8109 MB
    Driver:   27.20.100.9624
Initialize mono
Mono path[0] = 'C:/Program Files/Unity/Hub/Editor/2020.3.36f1/Editor/Data/Managed'
Mono path[1] = 'C:/Program Files/Unity/Hub/Editor/2020.3.36f1/Editor/Data/MonoBleedingEdge/lib/mono/unityjit'
Mono config path = 'C:/Program Files/Unity/Hub/Editor/2020.3.36f1/Editor/Data/MonoBleedingEdge/etc'
Using monoOptions --debugger-agent=transport=dt_socket,embedding=1,server=y,suspend=n,address=127.0.0.1:56544
Begin MonoManager ReloadAssembly
Registering precompiled unity dll's ...
Register platform support module: C:/Program Files/Unity/Hub/Editor/2020.3.36f1/Editor/Data/PlaybackEngines/WindowsStandaloneSupport/UnityEditor.WindowsStandalone.Extensions.dll
Registered in 0.001183 seconds.
Native extension for WindowsStandalone target not found
Refreshing native plugins compatible for Editor in 48.61 ms, found 3 plugins.
Preloading 0 native plugins for Editor in 0.00 ms.
Mono: successfully reloaded assembly
- Completed reload, in  0.563 seconds
Domain Reload Profiling:
	ReloadAssembly (564ms)
		BeginReloadAssembly (55ms)
			ExecutionOrderSort (0ms)
			DisableScriptedObjects (0ms)
			BackupInstance (0ms)
			ReleaseScriptingObjects (0ms)
			CreateAndSetChildDomain (1ms)
		EndReloadAssembly (434ms)
			LoadAssemblies (54ms)
			RebuildTransferFunctionScriptingTraits (0ms)
			SetupTypeCache (127ms)
			ReleaseScriptCaches (0ms)
			RebuildScriptCaches (31ms)
			SetupLoadedEditorAssemblies (169ms)
				LogAssemblyErrors (0ms)
				InitializePlatformSupportModulesInManaged (4ms)
				SetLoadedEditorAssemblies (0ms)
				RefreshPlugins (49ms)
				BeforeProcessingInitializeOnLoad (11ms)
				ProcessInitializeOnLoadAttributes (75ms)
				ProcessInitializeOnLoadMethodAttributes (30ms)
				AfterProcessingInitializeOnLoad (0ms)
				EditorAssembliesLoaded (0ms)
			ExecutionOrderSort2 (0ms)
			AwakeInstancesAfterBackupRestoration (0ms)
Platform modules already initialized, skipping
Registering precompiled user dll's ...
Registered in 0.003846 seconds.
Begin MonoManager ReloadAssembly
Symbol file data-000002B11569F010 doesn't match image C:\Users\arsht\OneDrive\Documents\GitHub\Pugs-Frogs-IN-SPACE\PAFIS\Library\ScriptAssemblies\Unity.2D.Animation.Editor.dll
Symbol file LoadedFromMemory is not a mono symbol file
Symbol file data-000002B110B4B510 doesn't match image C:\Users\arsht\OneDrive\Documents\GitHub\Pugs-Frogs-IN-SPACE\PAFIS\Library\ScriptAssemblies\Unity.InternalAPIEngineBridge.001.dll
Symbol file LoadedFromMemory is not a mono symbol file
Symbol file data-000002B1113079D0 doesn't match image C:\Users\arsht\OneDrive\Documents\GitHub\Pugs-Frogs-IN-SPACE\PAFIS\Library\ScriptAssemblies\Unity.VSCode.Editor.dll
Symbol file LoadedFromMemory is not a mono symbol file
Symbol file data-000002B116FF5D80 doesn't match image C:\Users\arsht\OneDrive\Documents\GitHub\Pugs-Frogs-IN-SPACE\PAFIS\Library\ScriptAssemblies\Unity.2D.PixelPerfect.dll
Symbol file LoadedFromMemory is not a mono symbol file
Symbol file data-000002B1159DD3C0 doesn't match image C:\Users\arsht\OneDrive\Documents\GitHub\Pugs-Frogs-IN-SPACE\PAFIS\Library\ScriptAssemblies\Unity.2D.Tilemap.Editor.dll
Symbol file LoadedFromMemory is not a mono symbol file
Symbol file data-000002B1156C3C20 doesn't match image C:\Users\arsht\OneDrive\Documents\GitHub\Pugs-Frogs-IN-SPACE\PAFIS\Library\ScriptAssemblies\PsdPlugin.dll
Symbol file LoadedFromMemory is not a mono symbol file
Symbol file data-000002B1156C3C20 doesn't match image C:\Users\arsht\OneDrive\Documents\GitHub\Pugs-Frogs-IN-SPACE\PAFIS\Library\ScriptAssemblies\Unity.TextMeshPro.Editor.dll
Symbol file LoadedFromMemory is not a mono symbol file
Symbol file data-000002B1156D9030 doesn't match image C:\Users\arsht\OneDrive\Documents\GitHub\Pugs-Frogs-IN-SPACE\PAFIS\Library\ScriptAssemblies\Unity.VisualStudio.Editor.dll
Symbol file LoadedFromMemory is not a mono symbol file
Symbol file data-000002B115A4F220 doesn't match image C:\Users\arsht\OneDrive\Documents\GitHub\Pugs-Frogs-IN-SPACE\PAFIS\Library\ScriptAssemblies\UnityEngine.TestRunner.dll
Symbol file LoadedFromMemory is not a mono symbol file
Symbol file data-000002B115E7F010 doesn't match image C:\Users\arsht\OneDrive\Documents\GitHub\Pugs-Frogs-IN-SPACE\PAFIS\Library\ScriptAssemblies\Unity.Timeline.dll
Symbol file LoadedFromMemory is not a mono symbol file
Symbol file data-000002B115E7F010 doesn't match image C:\Users\arsht\OneDrive\Documents\GitHub\Pugs-Frogs-IN-SPACE\PAFIS\Library\ScriptAssemblies\Unity.TextMeshPro.dll
Symbol file LoadedFromMemory is not a mono symbol file
Symbol file data-000002B115EAE820 doesn't match image C:\Users\arsht\OneDrive\Documents\GitHub\Pugs-Frogs-IN-SPACE\PAFIS\Library\ScriptAssemblies\UnityEditor.TestRunner.dll
Symbol file LoadedFromMemory is not a mono symbol file
Symbol file data-000002B1113079D0 doesn't match image C:\Users\arsht\OneDrive\Documents\GitHub\Pugs-Frogs-IN-SPACE\PAFIS\Library\ScriptAssemblies\Unity.2D.IK.Editor.dll
Symbol file LoadedFromMemory is not a mono symbol file
Symbol file data-000002B115EAE820 doesn't match image C:\Users\arsht\OneDrive\Documents\GitHub\Pugs-Frogs-IN-SPACE\PAFIS\Library\ScriptAssemblies\Unity.2D.Sprite.Editor.dll
Symbol file LoadedFromMemory is not a mono symbol file
Symbol file data-000002B11602FC20 doesn't match image C:\Users\arsht\OneDrive\Documents\GitHub\Pugs-Frogs-IN-SPACE\PAFIS\Library\ScriptAssemblies\Unity.2D.Psdimporter.Editor.dll
Symbol file LoadedFromMemory is not a mono symbol file
Symbol file data-000002B115A4F220 doesn't match image C:\Users\arsht\OneDrive\Documents\GitHub\Pugs-Frogs-IN-SPACE\PAFIS\Library\ScriptAssemblies\Unity.2D.Path.Editor.dll
Symbol file LoadedFromMemory is not a mono symbol file
Symbol file data-000002B1169F7390 doesn't match image C:\Users\arsht\OneDrive\Documents\GitHub\Pugs-Frogs-IN-SPACE\PAFIS\Library\ScriptAssemblies\Unity.InternalAPIEditorBridge.001.dll
Symbol file LoadedFromMemory is not a mono symbol file
Symbol file data-000002B11602FC20 doesn't match image C:\Users\arsht\OneDrive\Documents\GitHub\Pugs-Frogs-IN-SPACE\PAFIS\Library\ScriptAssemblies\UnityEditor.UI.dll
Symbol file LoadedFromMemory is not a mono symbol file
Symbol file data-000002B115E29010 doesn't match image C:\Users\arsht\OneDrive\Documents\GitHub\Pugs-Frogs-IN-SPACE\PAFIS\Library\ScriptAssemblies\Unity.PlasticSCM.Editor.dll
Symbol file LoadedFromMemory is not a mono symbol file
Symbol file data-000002B115997A20 doesn't match image C:\Users\arsht\OneDrive\Documents\GitHub\Pugs-Frogs-IN-SPACE\PAFIS\Library\ScriptAssemblies\Unity.Rider.Editor.dll
Symbol file LoadedFromMemory is not a mono symbol file
Symbol file data-000002B11668A630 doesn't match image C:\Users\arsht\OneDrive\Documents\GitHub\Pugs-Frogs-IN-SPACE\PAFIS\Library\ScriptAssemblies\UnityEngine.UI.dll
Symbol file LoadedFromMemory is not a mono symbol file
Symbol file data-000002B1154DF700 doesn't match image C:\Users\arsht\OneDrive\Documents\GitHub\Pugs-Frogs-IN-SPACE\PAFIS\Library\ScriptAssemblies\Unity.Mathematics.dll
Symbol file LoadedFromMemory is not a mono symbol file
Symbol file data-000002B1113079D0 doesn't match image C:\Users\arsht\OneDrive\Documents\GitHub\Pugs-Frogs-IN-SPACE\PAFIS\Library\ScriptAssemblies\Unity.2D.IK.Runtime.dll
Symbol file LoadedFromMemory is not a mono symbol file
Symbol file data-000002B11602FC20 doesn't match image C:\Users\arsht\OneDrive\Documents\GitHub\Pugs-Frogs-IN-SPACE\PAFIS\Library\ScriptAssemblies\Unity.Services.Core.Editor.dll
Symbol file LoadedFromMemory is not a mono symbol file
Symbol file data-000002B11668A630 doesn't match image C:\Users\arsht\OneDrive\Documents\GitHub\Pugs-Frogs-IN-SPACE\PAFIS\Library\ScriptAssemblies\Unity.2D.Animation.Triangle.Editor.dll
Symbol file LoadedFromMemory is not a mono symbol file
Symbol file data-000002B11112F460 doesn't match image C:\Users\arsht\OneDrive\Documents\GitHub\Pugs-Frogs-IN-SPACE\PAFIS\Library\ScriptAssemblies\Unity.2D.Animation.Runtime.dll
Symbol file LoadedFromMemory is not a mono symbol file
Symbol file data-000002B116B2D230 doesn't match image C:\Users\arsht\OneDrive\Documents\GitHub\Pugs-Frogs-IN-SPACE\PAFIS\Library\ScriptAssemblies\Unity.2D.PixelPerfect.Editor.dll
Symbol file LoadedFromMemory is not a mono symbol file
Symbol file data-000002B1114CB010 doesn't match image C:\Users\arsht\OneDrive\Documents\GitHub\Pugs-Frogs-IN-SPACE\PAFIS\Library\ScriptAssemblies\Unity.Timeline.Editor.dll
Symbol file LoadedFromMemory is not a mono symbol file
Symbol file data-000002B115F00C20 doesn't match image C:\Users\arsht\OneDrive\Documents\GitHub\Pugs-Frogs-IN-SPACE\PAFIS\Library\ScriptAssemblies\Unity.CollabProxy.Editor.dll
Symbol file LoadedFromMemory is not a mono symbol file
Symbol file data-000002B1159C2630 doesn't match image C:\Users\arsht\OneDrive\Documents\GitHub\Pugs-Frogs-IN-SPACE\PAFIS\Library\ScriptAssemblies\Unity.Mathematics.Editor.dll
Symbol file LoadedFromMemory is not a mono symbol file
Symbol file data-000002B110AC6380 doesn't match image C:\Users\arsht\OneDrive\Documents\GitHub\Pugs-Frogs-IN-SPACE\PAFIS\Library\ScriptAssemblies\Unity.2D.Common.Runtime.dll
Symbol file LoadedFromMemory is not a mono symbol file
Symbol file data-000002B111507830 doesn't match image C:\Users\arsht\OneDrive\Documents\GitHub\Pugs-Frogs-IN-SPACE\PAFIS\Library\ScriptAssemblies\Unity.2D.SpriteShape.Editor.dll
Symbol file LoadedFromMemory is not a mono symbol file
Symbol file data-000002B110E28E40 doesn't match image C:\Users\arsht\OneDrive\Documents\GitHub\Pugs-Frogs-IN-SPACE\PAFIS\Library\ScriptAssemblies\Unity.2D.Common.Editor.dll
Symbol file LoadedFromMemory is not a mono symbol file
Symbol file data-000002B115F08C30 doesn't match image C:\Users\arsht\OneDrive\Documents\GitHub\Pugs-Frogs-IN-SPACE\PAFIS\Library\ScriptAssemblies\Unity.2D.SpriteShape.Runtime.dll
Symbol file LoadedFromMemory is not a mono symbol file
Native extension for WindowsStandalone target not found
Refreshing native plugins compatible for Editor in 47.79 ms, found 3 plugins.
Preloading 0 native plugins for Editor in 0.00 ms.
Mono: successfully reloaded assembly
- Completed reload, in  1.026 seconds
Domain Reload Profiling:
	ReloadAssembly (1028ms)
		BeginReloadAssembly (155ms)
			ExecutionOrderSort (0ms)
			DisableScriptedObjects (7ms)
			BackupInstance (0ms)
			ReleaseScriptingObjects (0ms)
			CreateAndSetChildDomain (20ms)
		EndReloadAssembly (823ms)
			LoadAssemblies (86ms)
			RebuildTransferFunctionScriptingTraits (0ms)
			SetupTypeCache (242ms)
			ReleaseScriptCaches (1ms)
			RebuildScriptCaches (43ms)
			SetupLoadedEditorAssemblies (359ms)
				LogAssemblyErrors (0ms)
				InitializePlatformSupportModulesInManaged (3ms)
				SetLoadedEditorAssemblies (0ms)
				RefreshPlugins (48ms)
				BeforeProcessingInitializeOnLoad (75ms)
				ProcessInitializeOnLoadAttributes (204ms)
				ProcessInitializeOnLoadMethodAttributes (25ms)
				AfterProcessingInitializeOnLoad (4ms)
				EditorAssembliesLoaded (0ms)
			ExecutionOrderSort2 (0ms)
			AwakeInstancesAfterBackupRestoration (2ms)
Platform modules already initialized, skipping
========================================================================
Worker process is ready to serve import requests
Launched and connected shader compiler UnityShaderCompiler.exe after 0.05 seconds
Refreshing native plugins compatible for Editor in 0.43 ms, found 3 plugins.
Preloading 0 native plugins for Editor in 0.00 ms.
Unloading 2209 Unused Serialized files (Serialized files now loaded: 0)
System memory in use before: 97.3 MB.
System memory in use after: 97.2 MB.

Unloading 31 unused Assets to reduce memory usage. Loaded Objects now: 2641.
Total: 3.488200 ms (FindLiveObjects: 0.158400 ms CreateObjectMapping: 0.073600 ms MarkObjects: 3.077100 ms  DeleteObjects: 0.177900 ms)

AssetImportParameters requested are different than current active one (requested -> active):
  custom:framework-win-MediaFoundation: 216162199b28c13a410421893ffa2e32 -> 
  custom:video-decoder-ogg-theora: a1e56fd34408186e4bbccfd4996cb3dc -> 
  custom:container-muxer-webm: aa71ff27fc2769a1b78a27578f13a17b -> 
  custom:container-demuxer-webm: 4f35f7cbe854078d1ac9338744f61a02 -> 
  custom:container-demuxer-ogg: 62fdf1f143b41e24485cea50d1cbac27 -> 
  custom:video-encoder-webm-vp8: eb34c28f22e8b96e1ab97ce403110664 -> 
  custom:video-codec-MediaFoundation-h265: 746d11721c4dcdbdad8f713fa42b33f4 -> 
  custom:video-decoder-webm-vp8: 9c59270c3fd7afecdb556c50c9e8de78 -> 
  custom:audio-decoder-ogg-vorbis: bf7c407c2cedff20999df2af8eb42d56 -> 
  custom:audio-encoder-webm-vorbis: bf7c407c2cedff20999df2af8eb42d56 -> 
========================================================================
Received Import Request.
  path: Assets/Scenes/OpeningScene.unity
  artifactKey: Guid(21359f1bd5117704a8fc60731519c174) Importer(815301076,1909f56bfc062723c751e8b465ee728b)
Start importing Assets/Scenes/OpeningScene.unity using Guid(21359f1bd5117704a8fc60731519c174) Importer(815301076,1909f56bfc062723c751e8b465ee728b)  -> (artifact id: 'bd979129ca98b61f3a8caddd91f4649a') in 0.012235 seconds 
========================================================================
Received Prepare
Registering precompiled user dll's ...
Registered in 0.003783 seconds.
Begin MonoManager ReloadAssembly
Symbol file data-000002B116FD5010 doesn't match image C:\Users\arsht\OneDrive\Documents\GitHub\Pugs-Frogs-IN-SPACE\PAFIS\Library\ScriptAssemblies\Unity.2D.Animation.Editor.dll
Symbol file LoadedFromMemory is not a mono symbol file
Symbol file data-000002B119F0CD60 doesn't match image C:\Users\arsht\OneDrive\Documents\GitHub\Pugs-Frogs-IN-SPACE\PAFIS\Library\ScriptAssemblies\Unity.InternalAPIEngineBridge.001.dll
Symbol file LoadedFromMemory is not a mono symbol file
Symbol file data-000002B111337020 doesn't match image C:\Users\arsht\OneDrive\Documents\GitHub\Pugs-Frogs-IN-SPACE\PAFIS\Library\ScriptAssemblies\Unity.VSCode.Editor.dll
Symbol file LoadedFromMemory is not a mono symbol file
Symbol file data-000002B115CE7F00 doesn't match image C:\Users\arsht\OneDrive\Documents\GitHub\Pugs-Frogs-IN-SPACE\PAFIS\Library\ScriptAssemblies\Unity.2D.PixelPerfect.dll
Symbol file LoadedFromMemory is not a mono symbol file
Symbol file data-000002B1158E4020 doesn't match image C:\Users\arsht\OneDrive\Documents\GitHub\Pugs-Frogs-IN-SPACE\PAFIS\Library\ScriptAssemblies\Unity.2D.Tilemap.Editor.dll
Symbol file LoadedFromMemory is not a mono symbol file
Symbol file data-000002B1116F8030 doesn't match image C:\Users\arsht\OneDrive\Documents\GitHub\Pugs-Frogs-IN-SPACE\PAFIS\Library\ScriptAssemblies\PsdPlugin.dll
Symbol file LoadedFromMemory is not a mono symbol file
Symbol file data-000002B1189CB030 doesn't match image C:\Users\arsht\OneDrive\Documents\GitHub\Pugs-Frogs-IN-SPACE\PAFIS\Library\ScriptAssemblies\Unity.TextMeshPro.Editor.dll
Symbol file LoadedFromMemory is not a mono symbol file
Symbol file data-000002B1155F7C30 doesn't match image C:\Users\arsht\OneDrive\Documents\GitHub\Pugs-Frogs-IN-SPACE\PAFIS\Library\ScriptAssemblies\Unity.VisualStudio.Editor.dll
Symbol file LoadedFromMemory is not a mono symbol file
Symbol file data-000002B1116F8030 doesn't match image C:\Users\arsht\OneDrive\Documents\GitHub\Pugs-Frogs-IN-SPACE\PAFIS\Library\ScriptAssemblies\UnityEngine.TestRunner.dll
Symbol file LoadedFromMemory is not a mono symbol file
Symbol file data-000002B1158E4020 doesn't match image C:\Users\arsht\OneDrive\Documents\GitHub\Pugs-Frogs-IN-SPACE\PAFIS\Library\ScriptAssemblies\Unity.Timeline.dll
Symbol file LoadedFromMemory is not a mono symbol file
Symbol file data-000002B1159C3510 doesn't match image C:\Users\arsht\OneDrive\Documents\GitHub\Pugs-Frogs-IN-SPACE\PAFIS\Library\ScriptAssemblies\Unity.TextMeshPro.dll
Symbol file LoadedFromMemory is not a mono symbol file
Symbol file data-000002B116F4D060 doesn't match image C:\Users\arsht\OneDrive\Documents\GitHub\Pugs-Frogs-IN-SPACE\PAFIS\Library\ScriptAssemblies\UnityEditor.TestRunner.dll
Symbol file LoadedFromMemory is not a mono symbol file
Symbol file data-000002B118813A30 doesn't match image C:\Users\arsht\OneDrive\Documents\GitHub\Pugs-Frogs-IN-SPACE\PAFIS\Library\ScriptAssemblies\Unity.2D.IK.Editor.dll
Symbol file LoadedFromMemory is not a mono symbol file
Symbol file data-000002B11155F370 doesn't match image C:\Users\arsht\OneDrive\Documents\GitHub\Pugs-Frogs-IN-SPACE\PAFIS\Library\ScriptAssemblies\Unity.2D.Sprite.Editor.dll
Symbol file LoadedFromMemory is not a mono symbol file
Symbol file data-000002B116D5D020 doesn't match image C:\Users\arsht\OneDrive\Documents\GitHub\Pugs-Frogs-IN-SPACE\PAFIS\Library\ScriptAssemblies\Unity.2D.Psdimporter.Editor.dll
Symbol file LoadedFromMemory is not a mono symbol file
Symbol file data-000002B116D5D020 doesn't match image C:\Users\arsht\OneDrive\Documents\GitHub\Pugs-Frogs-IN-SPACE\PAFIS\Library\ScriptAssemblies\Unity.2D.Path.Editor.dll
Symbol file LoadedFromMemory is not a mono symbol file
Symbol file data-000002B116F5E470 doesn't match image C:\Users\arsht\OneDrive\Documents\GitHub\Pugs-Frogs-IN-SPACE\PAFIS\Library\ScriptAssemblies\Unity.InternalAPIEditorBridge.001.dll
Symbol file LoadedFromMemory is not a mono symbol file
Symbol file data-000002B116D5D020 doesn't match image C:\Users\arsht\OneDrive\Documents\GitHub\Pugs-Frogs-IN-SPACE\PAFIS\Library\ScriptAssemblies\UnityEditor.UI.dll
Symbol file LoadedFromMemory is not a mono symbol file
Symbol file data-000002B111528420 doesn't match image C:\Users\arsht\OneDrive\Documents\GitHub\Pugs-Frogs-IN-SPACE\PAFIS\Library\ScriptAssemblies\Unity.PlasticSCM.Editor.dll
Symbol file LoadedFromMemory is not a mono symbol file
Symbol file data-000002B118B43C30 doesn't match image C:\Users\arsht\OneDrive\Documents\GitHub\Pugs-Frogs-IN-SPACE\PAFIS\Library\ScriptAssemblies\Unity.Rider.Editor.dll
Symbol file LoadedFromMemory is not a mono symbol file
Symbol file data-000002B111570030 doesn't match image C:\Users\arsht\OneDrive\Documents\GitHub\Pugs-Frogs-IN-SPACE\PAFIS\Library\ScriptAssemblies\UnityEngine.UI.dll
Symbol file LoadedFromMemory is not a mono symbol file
Symbol file data-000002B1154DE6F0 doesn't match image C:\Users\arsht\OneDrive\Documents\GitHub\Pugs-Frogs-IN-SPACE\PAFIS\Library\ScriptAssemblies\Unity.Mathematics.dll
Symbol file LoadedFromMemory is not a mono symbol file
Symbol file data-000002B1115A2C80 doesn't match image C:\Users\arsht\OneDrive\Documents\GitHub\Pugs-Frogs-IN-SPACE\PAFIS\Library\ScriptAssemblies\Unity.2D.IK.Runtime.dll
Symbol file LoadedFromMemory is not a mono symbol file
Symbol file data-000002B118B43C30 doesn't match image C:\Users\arsht\OneDrive\Documents\GitHub\Pugs-Frogs-IN-SPACE\PAFIS\Library\ScriptAssemblies\Unity.Services.Core.Editor.dll
Symbol file LoadedFromMemory is not a mono symbol file
Symbol file data-000002B111570030 doesn't match image C:\Users\arsht\OneDrive\Documents\GitHub\Pugs-Frogs-IN-SPACE\PAFIS\Library\ScriptAssemblies\Unity.2D.Animation.Triangle.Editor.dll
Symbol file LoadedFromMemory is not a mono symbol file
Symbol file data-000002B116B5DBC0 doesn't match image C:\Users\arsht\OneDrive\Documents\GitHub\Pugs-Frogs-IN-SPACE\PAFIS\Library\ScriptAssemblies\Unity.2D.Animation.Runtime.dll
Symbol file LoadedFromMemory is not a mono symbol file
Symbol file data-000002B119A85820 doesn't match image C:\Users\arsht\OneDrive\Documents\GitHub\Pugs-Frogs-IN-SPACE\PAFIS\Library\ScriptAssemblies\Unity.2D.PixelPerfect.Editor.dll
Symbol file LoadedFromMemory is not a mono symbol file
Symbol file data-000002B119C4E020 doesn't match image C:\Users\arsht\OneDrive\Documents\GitHub\Pugs-Frogs-IN-SPACE\PAFIS\Library\ScriptAssemblies\Unity.Timeline.Editor.dll
Symbol file LoadedFromMemory is not a mono symbol file
Symbol file data-000002B11608F670 doesn't match image C:\Users\arsht\OneDrive\Documents\GitHub\Pugs-Frogs-IN-SPACE\PAFIS\Library\ScriptAssemblies\Unity.CollabProxy.Editor.dll
Symbol file LoadedFromMemory is not a mono symbol file
Symbol file data-000002B115F15440 doesn't match image C:\Users\arsht\OneDrive\Documents\GitHub\Pugs-Frogs-IN-SPACE\PAFIS\Library\ScriptAssemblies\Unity.Mathematics.Editor.dll
Symbol file LoadedFromMemory is not a mono symbol file
Symbol file data-000002B1199A9C90 doesn't match image C:\Users\arsht\OneDrive\Documents\GitHub\Pugs-Frogs-IN-SPACE\PAFIS\Library\ScriptAssemblies\Unity.2D.Common.Runtime.dll
Symbol file LoadedFromMemory is not a mono symbol file
Symbol file data-000002B11608F670 doesn't match image C:\Users\arsht\OneDrive\Documents\GitHub\Pugs-Frogs-IN-SPACE\PAFIS\Library\ScriptAssemblies\Unity.2D.SpriteShape.Editor.dll
Symbol file LoadedFromMemory is not a mono symbol file
Symbol file data-000002B118813A30 doesn't match image C:\Users\arsht\OneDrive\Documents\GitHub\Pugs-Frogs-IN-SPACE\PAFIS\Library\ScriptAssemblies\Unity.2D.Common.Editor.dll
Symbol file LoadedFromMemory is not a mono symbol file
Symbol file data-000002B1158E4020 doesn't match image C:\Users\arsht\OneDrive\Documents\GitHub\Pugs-Frogs-IN-SPACE\PAFIS\Library\ScriptAssemblies\Unity.2D.SpriteShape.Runtime.dll
Symbol file LoadedFromMemory is not a mono symbol file
Native extension for WindowsStandalone target not found
Refreshing native plugins compatible for Editor in 0.47 ms, found 3 plugins.
Preloading 0 native plugins for Editor in 0.00 ms.
Mono: successfully reloaded assembly
- Completed reload, in  1.145 seconds
Domain Reload Profiling:
	ReloadAssembly (1145ms)
		BeginReloadAssembly (112ms)
			ExecutionOrderSort (0ms)
			DisableScriptedObjects (4ms)
			BackupInstance (0ms)
			ReleaseScriptingObjects (0ms)
			CreateAndSetChildDomain (29ms)
		EndReloadAssembly (986ms)
			LoadAssemblies (102ms)
			RebuildTransferFunctionScriptingTraits (0ms)
			SetupTypeCache (334ms)
			ReleaseScriptCaches (1ms)
			RebuildScriptCaches (52ms)
			SetupLoadedEditorAssemblies (383ms)
				LogAssemblyErrors (0ms)
				InitializePlatformSupportModulesInManaged (4ms)
				SetLoadedEditorAssemblies (0ms)
				RefreshPlugins (1ms)
				BeforeProcessingInitializeOnLoad (78ms)
				ProcessInitializeOnLoadAttributes (280ms)
				ProcessInitializeOnLoadMethodAttributes (15ms)
				AfterProcessingInitializeOnLoad (5ms)
				EditorAssembliesLoaded (0ms)
			ExecutionOrderSort2 (0ms)
			AwakeInstancesAfterBackupRestoration (5ms)
Platform modules already initialized, skipping
Refreshing native plugins compatible for Editor in 0.61 ms, found 3 plugins.
Preloading 0 native plugins for Editor in 0.00 ms.
Unloading 2204 Unused Serialized files (Serialized files now loaded: 0)
System memory in use before: 97.2 MB.
System memory in use after: 97.2 MB.

Unloading 20 unused Assets to reduce memory usage. Loaded Objects now: 2644.
Total: 6.389100 ms (FindLiveObjects: 0.291700 ms CreateObjectMapping: 0.127800 ms MarkObjects: 5.743700 ms  DeleteObjects: 0.214500 ms)

AssetImportParameters requested are different than current active one (requested -> active):
  custom:framework-win-MediaFoundation: 216162199b28c13a410421893ffa2e32 -> 
  custom:video-decoder-ogg-theora: a1e56fd34408186e4bbccfd4996cb3dc -> 
  custom:container-muxer-webm: aa71ff27fc2769a1b78a27578f13a17b -> 
  custom:container-demuxer-webm: 4f35f7cbe854078d1ac9338744f61a02 -> 
  custom:container-demuxer-ogg: 62fdf1f143b41e24485cea50d1cbac27 -> 
  custom:video-encoder-webm-vp8: eb34c28f22e8b96e1ab97ce403110664 -> 
  custom:video-codec-MediaFoundation-h265: 746d11721c4dcdbdad8f713fa42b33f4 -> 
  custom:video-decoder-webm-vp8: 9c59270c3fd7afecdb556c50c9e8de78 -> 
  custom:audio-decoder-ogg-vorbis: bf7c407c2cedff20999df2af8eb42d56 -> 
  custom:audio-encoder-webm-vorbis: bf7c407c2cedff20999df2af8eb42d56 -> 
========================================================================
Received Import Request.
  Time since last request: 180.932032 seconds.
  path: Assets/Audio/Ribbit.wav
  artifactKey: Guid(87f0f6bf692cbec4e95237536cea4d43) Importer(815301076,1909f56bfc062723c751e8b465ee728b)
Start importing Assets/Audio/Ribbit.wav using Guid(87f0f6bf692cbec4e95237536cea4d43) Importer(815301076,1909f56bfc062723c751e8b465ee728b)  -> (artifact id: '657f5c139b3dc001af8bac6e663c74d9') in 0.203392 seconds 
========================================================================
Received Import Request.
  Time since last request: 0.000581 seconds.
  path: Assets/Audio/Triple shot.wav
  artifactKey: Guid(b293c8ebc03401248baaf7094125dc2b) Importer(815301076,1909f56bfc062723c751e8b465ee728b)
Start importing Assets/Audio/Triple shot.wav using Guid(b293c8ebc03401248baaf7094125dc2b) Importer(815301076,1909f56bfc062723c751e8b465ee728b)  -> (artifact id: 'fae544c32c0562858a421b865237779b') in 0.028189 seconds 
========================================================================
Received Import Request.
  Time since last request: 0.000317 seconds.
  path: Assets/Audio/Powered up.wav
  artifactKey: Guid(12dc7bbdec983804f814274d9bf909df) Importer(815301076,1909f56bfc062723c751e8b465ee728b)
Start importing Assets/Audio/Powered up.wav using Guid(12dc7bbdec983804f814274d9bf909df) Importer(815301076,1909f56bfc062723c751e8b465ee728b)  -> (artifact id: '1caa02ed5a12589bbe5294f1e2e2ec2e') in 0.017940 seconds 
========================================================================
Received Import Request.
  Time since last request: 0.000258 seconds.
  path: Assets/Audio/Frog Wins.wav
  artifactKey: Guid(09182d4f007a2df44abeb519b35915fd) Importer(815301076,1909f56bfc062723c751e8b465ee728b)
Start importing Assets/Audio/Frog Wins.wav using Guid(09182d4f007a2df44abeb519b35915fd) Importer(815301076,1909f56bfc062723c751e8b465ee728b)  -> (artifact id: '01a5b674b81083d89d21b9f07cb3b806') in 0.018598 seconds 
========================================================================
Received Import Request.
  Time since last request: 0.000248 seconds.
  path: Assets/Audio/Pug Wins.wav
  artifactKey: Guid(3cd981136b650714695f103137cd511f) Importer(815301076,1909f56bfc062723c751e8b465ee728b)
Start importing Assets/Audio/Pug Wins.wav using Guid(3cd981136b650714695f103137cd511f) Importer(815301076,1909f56bfc062723c751e8b465ee728b)  -> (artifact id: '597f939a7a37e78532f02662e1c821fb') in 0.015180 seconds 
========================================================================
Received Import Request.
  Time since last request: 0.000292 seconds.
  path: Assets/Audio/Lightsaber.wav
  artifactKey: Guid(57169000c3fb07c47bd978b7022ed10f) Importer(815301076,1909f56bfc062723c751e8b465ee728b)
Start importing Assets/Audio/Lightsaber.wav using Guid(57169000c3fb07c47bd978b7022ed10f) Importer(815301076,1909f56bfc062723c751e8b465ee728b)  -> (artifact id: 'c9afa3b781bb331aeea4e46c6d14a7b5') in 0.016685 seconds 
========================================================================
Received Import Request.
  Time since last request: 0.000276 seconds.
  path: Assets/Audio/Reload.wav
  artifactKey: Guid(2461b3edabcd869499596278c0b9ad45) Importer(815301076,1909f56bfc062723c751e8b465ee728b)
Start importing Assets/Audio/Reload.wav using Guid(2461b3edabcd869499596278c0b9ad45) Importer(815301076,1909f56bfc062723c751e8b465ee728b)  -> (artifact id: 'ab5984e0439a693c766f4adce2702795') in 0.015783 seconds 
========================================================================
Received Import Request.
  Time since last request: 0.000305 seconds.
  path: Assets/Audio/Settings.wav
  artifactKey: Guid(b9279e0b37f62584daa538a7b43df844) Importer(815301076,1909f56bfc062723c751e8b465ee728b)
Start importing Assets/Audio/Settings.wav using Guid(b9279e0b37f62584daa538a7b43df844) Importer(815301076,1909f56bfc062723c751e8b465ee728b)  -> (artifact id: 'b26c7e1ff5c8e6eaafd966edae9da9c8') in 0.020506 seconds 
========================================================================
Received Import Request.
  Time since last request: 0.000285 seconds.
  path: Assets/Audio/Ruff.wav
  artifactKey: Guid(693942ba2b1c64345a5880115a48a333) Importer(815301076,1909f56bfc062723c751e8b465ee728b)
Start importing Assets/Audio/Ruff.wav using Guid(693942ba2b1c64345a5880115a48a333) Importer(815301076,1909f56bfc062723c751e8b465ee728b)  -> (artifact id: '71824f6e465d6048d2c9500f6a001da1') in 0.016265 seconds 
========================================================================
Received Import Request.
  Time since last request: 0.000263 seconds.
  path: Assets/Audio/Single shot.wav
  artifactKey: Guid(954889528a5412d4980bb8fe6b4cd2a8) Importer(815301076,1909f56bfc062723c751e8b465ee728b)
Start importing Assets/Audio/Single shot.wav using Guid(954889528a5412d4980bb8fe6b4cd2a8) Importer(815301076,1909f56bfc062723c751e8b465ee728b)  -> (artifact id: '957559cc1e3c3e640b99fb505f1f7528') in 0.017578 seconds 
========================================================================
Received Import Request.
  Time since last request: 0.000314 seconds.
  path: Assets/Audio/Title.wav
  artifactKey: Guid(6d41785128d168a4da4e6197301e0dc6) Importer(815301076,1909f56bfc062723c751e8b465ee728b)
Start importing Assets/Audio/Title.wav using Guid(6d41785128d168a4da4e6197301e0dc6) Importer(815301076,1909f56bfc062723c751e8b465ee728b)  -> (artifact id: 'b7712d17ace769ec565f84068954f269') in 0.013252 seconds 
========================================================================
Received Import Request.
  Time since last request: 0.000297 seconds.
  path: Assets/Audio/Start.wav
  artifactKey: Guid(02df98a0938408d4d8324fdfd2250abd) Importer(815301076,1909f56bfc062723c751e8b465ee728b)
Start importing Assets/Audio/Start.wav using Guid(02df98a0938408d4d8324fdfd2250abd) Importer(815301076,1909f56bfc062723c751e8b465ee728b)  -> (artifact id: '0d1c3eeaf5576716f37f264da4d92b3b') in 0.015678 seconds 
========================================================================
Received Import Request.
  Time since last request: 0.000275 seconds.
  path: Assets/Audio/Death Noise.wav
  artifactKey: Guid(d3bb91ba94b3a8c4e8796ff67b826905) Importer(815301076,1909f56bfc062723c751e8b465ee728b)
Start importing Assets/Audio/Death Noise.wav using Guid(d3bb91ba94b3a8c4e8796ff67b826905) Importer(815301076,1909f56bfc062723c751e8b465ee728b)  -> (artifact id: '2c512b1dccc0a2ff2310d45d6b8ef589') in 0.015347 seconds 
========================================================================
Received Prepare
Registering precompiled user dll's ...
Registered in 0.005571 seconds.
Begin MonoManager ReloadAssembly
Symbol file data-000002B116067060 doesn't match image C:\Users\arsht\OneDrive\Documents\GitHub\Pugs-Frogs-IN-SPACE\PAFIS\Library\ScriptAssemblies\Unity.2D.Animation.Editor.dll
Symbol file LoadedFromMemory is not a mono symbol file
Symbol file data-000002B119F0A370 doesn't match image C:\Users\arsht\OneDrive\Documents\GitHub\Pugs-Frogs-IN-SPACE\PAFIS\Library\ScriptAssemblies\Unity.InternalAPIEngineBridge.001.dll
Symbol file LoadedFromMemory is not a mono symbol file
Symbol file data-000002B1165E14C0 doesn't match image C:\Users\arsht\OneDrive\Documents\GitHub\Pugs-Frogs-IN-SPACE\PAFIS\Library\ScriptAssemblies\Unity.VSCode.Editor.dll
Symbol file LoadedFromMemory is not a mono symbol file
Symbol file data-000002B116A80BE0 doesn't match image C:\Users\arsht\OneDrive\Documents\GitHub\Pugs-Frogs-IN-SPACE\PAFIS\Library\ScriptAssemblies\Unity.2D.PixelPerfect.dll
Symbol file LoadedFromMemory is not a mono symbol file
Symbol file data-000002B116102010 doesn't match image C:\Users\arsht\OneDrive\Documents\GitHub\Pugs-Frogs-IN-SPACE\PAFIS\Library\ScriptAssemblies\Unity.2D.Tilemap.Editor.dll
Symbol file LoadedFromMemory is not a mono symbol file
Symbol file data-000002B11158C250 doesn't match image C:\Users\arsht\OneDrive\Documents\GitHub\Pugs-Frogs-IN-SPACE\PAFIS\Library\ScriptAssemblies\PsdPlugin.dll
Symbol file LoadedFromMemory is not a mono symbol file
Symbol file data-000002B1189CB030 doesn't match image C:\Users\arsht\OneDrive\Documents\GitHub\Pugs-Frogs-IN-SPACE\PAFIS\Library\ScriptAssemblies\Unity.TextMeshPro.Editor.dll
Symbol file LoadedFromMemory is not a mono symbol file
Symbol file data-000002B11158C250 doesn't match image C:\Users\arsht\OneDrive\Documents\GitHub\Pugs-Frogs-IN-SPACE\PAFIS\Library\ScriptAssemblies\Unity.VisualStudio.Editor.dll
Symbol file LoadedFromMemory is not a mono symbol file
Symbol file data-000002B1116F8030 doesn't match image C:\Users\arsht\OneDrive\Documents\GitHub\Pugs-Frogs-IN-SPACE\PAFIS\Library\ScriptAssemblies\UnityEngine.TestRunner.dll
Symbol file LoadedFromMemory is not a mono symbol file
Symbol file data-000002B116102010 doesn't match image C:\Users\arsht\OneDrive\Documents\GitHub\Pugs-Frogs-IN-SPACE\PAFIS\Library\ScriptAssemblies\Unity.Timeline.dll
Symbol file LoadedFromMemory is not a mono symbol file
Symbol file data-000002B11139A010 doesn't match image C:\Users\arsht\OneDrive\Documents\GitHub\Pugs-Frogs-IN-SPACE\PAFIS\Library\ScriptAssemblies\Unity.TextMeshPro.dll
Symbol file LoadedFromMemory is not a mono symbol file
Symbol file data-000002B116C64050 doesn't match image C:\Users\arsht\OneDrive\Documents\GitHub\Pugs-Frogs-IN-SPACE\PAFIS\Library\ScriptAssemblies\UnityEditor.TestRunner.dll
Symbol file LoadedFromMemory is not a mono symbol file
Symbol file data-000002B118813430 doesn't match image C:\Users\arsht\OneDrive\Documents\GitHub\Pugs-Frogs-IN-SPACE\PAFIS\Library\ScriptAssemblies\Unity.2D.IK.Editor.dll
Symbol file LoadedFromMemory is not a mono symbol file
Symbol file data-000002B116CEE030 doesn't match image C:\Users\arsht\OneDrive\Documents\GitHub\Pugs-Frogs-IN-SPACE\PAFIS\Library\ScriptAssemblies\Unity.2D.Sprite.Editor.dll
Symbol file LoadedFromMemory is not a mono symbol file
Symbol file data-000002B118691260 doesn't match image C:\Users\arsht\OneDrive\Documents\GitHub\Pugs-Frogs-IN-SPACE\PAFIS\Library\ScriptAssemblies\Unity.2D.Psdimporter.Editor.dll
Symbol file LoadedFromMemory is not a mono symbol file
Symbol file data-000002B118691260 doesn't match image C:\Users\arsht\OneDrive\Documents\GitHub\Pugs-Frogs-IN-SPACE\PAFIS\Library\ScriptAssemblies\Unity.2D.Path.Editor.dll
Symbol file LoadedFromMemory is not a mono symbol file
Symbol file data-000002B11A516050 doesn't match image C:\Users\arsht\OneDrive\Documents\GitHub\Pugs-Frogs-IN-SPACE\PAFIS\Library\ScriptAssemblies\Unity.InternalAPIEditorBridge.001.dll
Symbol file LoadedFromMemory is not a mono symbol file
Symbol file data-000002B118691260 doesn't match image C:\Users\arsht\OneDrive\Documents\GitHub\Pugs-Frogs-IN-SPACE\PAFIS\Library\ScriptAssemblies\UnityEditor.UI.dll
Symbol file LoadedFromMemory is not a mono symbol file
Symbol file data-000002B111528420 doesn't match image C:\Users\arsht\OneDrive\Documents\GitHub\Pugs-Frogs-IN-SPACE\PAFIS\Library\ScriptAssemblies\Unity.PlasticSCM.Editor.dll
Symbol file LoadedFromMemory is not a mono symbol file
Symbol file data-000002B119E5C020 doesn't match image C:\Users\arsht\OneDrive\Documents\GitHub\Pugs-Frogs-IN-SPACE\PAFIS\Library\ScriptAssemblies\Unity.Rider.Editor.dll
Symbol file LoadedFromMemory is not a mono symbol file
Symbol file data-000002B11A5CC030 doesn't match image C:\Users\arsht\OneDrive\Documents\GitHub\Pugs-Frogs-IN-SPACE\PAFIS\Library\ScriptAssemblies\UnityEngine.UI.dll
Symbol file LoadedFromMemory is not a mono symbol file
Symbol file data-000002B1154DE6F0 doesn't match image C:\Users\arsht\OneDrive\Documents\GitHub\Pugs-Frogs-IN-SPACE\PAFIS\Library\ScriptAssemblies\Unity.Mathematics.dll
Symbol file LoadedFromMemory is not a mono symbol file
Symbol file data-000002B1115A2C80 doesn't match image C:\Users\arsht\OneDrive\Documents\GitHub\Pugs-Frogs-IN-SPACE\PAFIS\Library\ScriptAssemblies\Unity.2D.IK.Runtime.dll
Symbol file LoadedFromMemory is not a mono symbol file
Symbol file data-000002B119E5C020 doesn't match image C:\Users\arsht\OneDrive\Documents\GitHub\Pugs-Frogs-IN-SPACE\PAFIS\Library\ScriptAssemblies\Unity.Services.Core.Editor.dll
Symbol file LoadedFromMemory is not a mono symbol file
Symbol file data-000002B11A5CC030 doesn't match image C:\Users\arsht\OneDrive\Documents\GitHub\Pugs-Frogs-IN-SPACE\PAFIS\Library\ScriptAssemblies\Unity.2D.Animation.Triangle.Editor.dll
Symbol file LoadedFromMemory is not a mono symbol file
Symbol file data-000002B115D40430 doesn't match image C:\Users\arsht\OneDrive\Documents\GitHub\Pugs-Frogs-IN-SPACE\PAFIS\Library\ScriptAssemblies\Unity.2D.Animation.Runtime.dll
Symbol file LoadedFromMemory is not a mono symbol file
Symbol file data-000002B111565380 doesn't match image C:\Users\arsht\OneDrive\Documents\GitHub\Pugs-Frogs-IN-SPACE\PAFIS\Library\ScriptAssemblies\Unity.2D.PixelPerfect.Editor.dll
Symbol file LoadedFromMemory is not a mono symbol file
Symbol file data-000002B118C91410 doesn't match image C:\Users\arsht\OneDrive\Documents\GitHub\Pugs-Frogs-IN-SPACE\PAFIS\Library\ScriptAssemblies\Unity.Timeline.Editor.dll
Symbol file LoadedFromMemory is not a mono symbol file
Symbol file data-000002B116102010 doesn't match image C:\Users\arsht\OneDrive\Documents\GitHub\Pugs-Frogs-IN-SPACE\PAFIS\Library\ScriptAssemblies\Unity.CollabProxy.Editor.dll
Symbol file LoadedFromMemory is not a mono symbol file
Symbol file data-000002B1195AB830 doesn't match image C:\Users\arsht\OneDrive\Documents\GitHub\Pugs-Frogs-IN-SPACE\PAFIS\Library\ScriptAssemblies\Unity.Mathematics.Editor.dll
Symbol file LoadedFromMemory is not a mono symbol file
Symbol file data-000002B1199A9150 doesn't match image C:\Users\arsht\OneDrive\Documents\GitHub\Pugs-Frogs-IN-SPACE\PAFIS\Library\ScriptAssemblies\Unity.2D.Common.Runtime.dll
Symbol file LoadedFromMemory is not a mono symbol file
Symbol file data-000002B116102010 doesn't match image C:\Users\arsht\OneDrive\Documents\GitHub\Pugs-Frogs-IN-SPACE\PAFIS\Library\ScriptAssemblies\Unity.2D.SpriteShape.Editor.dll
Symbol file LoadedFromMemory is not a mono symbol file
Symbol file data-000002B118813430 doesn't match image C:\Users\arsht\OneDrive\Documents\GitHub\Pugs-Frogs-IN-SPACE\PAFIS\Library\ScriptAssemblies\Unity.2D.Common.Editor.dll
Symbol file LoadedFromMemory is not a mono symbol file
Symbol file data-000002B116CEE030 doesn't match image C:\Users\arsht\OneDrive\Documents\GitHub\Pugs-Frogs-IN-SPACE\PAFIS\Library\ScriptAssemblies\Unity.2D.SpriteShape.Runtime.dll
Symbol file LoadedFromMemory is not a mono symbol file
Native extension for WindowsStandalone target not found
Refreshing native plugins compatible for Editor in 1.32 ms, found 3 plugins.
Preloading 0 native plugins for Editor in 0.00 ms.
Mono: successfully reloaded assembly
- Completed reload, in  1.321 seconds
Domain Reload Profiling:
	ReloadAssembly (1321ms)
		BeginReloadAssembly (155ms)
			ExecutionOrderSort (0ms)
			DisableScriptedObjects (8ms)
			BackupInstance (0ms)
			ReleaseScriptingObjects (0ms)
			CreateAndSetChildDomain (55ms)
		EndReloadAssembly (1103ms)
			LoadAssemblies (103ms)
			RebuildTransferFunctionScriptingTraits (0ms)
			SetupTypeCache (330ms)
			ReleaseScriptCaches (1ms)
			RebuildScriptCaches (67ms)
			SetupLoadedEditorAssemblies (439ms)
				LogAssemblyErrors (0ms)
				InitializePlatformSupportModulesInManaged (8ms)
				SetLoadedEditorAssemblies (1ms)
				RefreshPlugins (1ms)
				BeforeProcessingInitializeOnLoad (104ms)
				ProcessInitializeOnLoadAttributes (293ms)
				ProcessInitializeOnLoadMethodAttributes (26ms)
				AfterProcessingInitializeOnLoad (4ms)
				EditorAssembliesLoaded (0ms)
			ExecutionOrderSort2 (0ms)
			AwakeInstancesAfterBackupRestoration (6ms)
Platform modules already initialized, skipping
Refreshing native plugins compatible for Editor in 0.71 ms, found 3 plugins.
Preloading 0 native plugins for Editor in 0.00 ms.
Unloading 2204 Unused Serialized files (Serialized files now loaded: 0)
System memory in use before: 100.3 MB.
System memory in use after: 100.2 MB.

Unloading 20 unused Assets to reduce memory usage. Loaded Objects now: 2656.
Total: 4.688300 ms (FindLiveObjects: 0.279800 ms CreateObjectMapping: 0.115600 ms MarkObjects: 4.088200 ms  DeleteObjects: 0.202100 ms)

AssetImportParameters requested are different than current active one (requested -> active):
  custom:framework-win-MediaFoundation: 216162199b28c13a410421893ffa2e32 -> 
  custom:video-decoder-ogg-theora: a1e56fd34408186e4bbccfd4996cb3dc -> 
  custom:container-muxer-webm: aa71ff27fc2769a1b78a27578f13a17b -> 
  custom:container-demuxer-webm: 4f35f7cbe854078d1ac9338744f61a02 -> 
  custom:container-demuxer-ogg: 62fdf1f143b41e24485cea50d1cbac27 -> 
  custom:video-encoder-webm-vp8: eb34c28f22e8b96e1ab97ce403110664 -> 
  custom:video-codec-MediaFoundation-h265: 746d11721c4dcdbdad8f713fa42b33f4 -> 
  custom:video-decoder-webm-vp8: 9c59270c3fd7afecdb556c50c9e8de78 -> 
  custom:audio-decoder-ogg-vorbis: bf7c407c2cedff20999df2af8eb42d56 -> 
  custom:audio-encoder-webm-vorbis: bf7c407c2cedff20999df2af8eb42d56 -> 
========================================================================
Received Import Request.
  Time since last request: 358.561602 seconds.
  path: Assets/Art/MainMenu.png
  artifactKey: Guid(3c79123ec315d0f4eb836a45b609da6e) Importer(815301076,1909f56bfc062723c751e8b465ee728b)
Start importing Assets/Art/MainMenu.png using Guid(3c79123ec315d0f4eb836a45b609da6e) Importer(815301076,1909f56bfc062723c751e8b465ee728b)  -> (artifact id: 'd13baf8d6901aaf1bfe15fab91461937') in 0.096907 seconds 
========================================================================
Received Import Request.
  Time since last request: 0.460982 seconds.
  path: Assets/Art/OpeningScene.png
  artifactKey: Guid(76eb774c8e90cb7458e7d346b21deee2) Importer(815301076,1909f56bfc062723c751e8b465ee728b)
Start importing Assets/Art/OpeningScene.png using Guid(76eb774c8e90cb7458e7d346b21deee2) Importer(815301076,1909f56bfc062723c751e8b465ee728b)  -> (artifact id: '442a27974941bfabe49512ae70fc1b41') in 0.022670 seconds 
========================================================================
Received Prepare
Registering precompiled user dll's ...
Registered in 0.005564 seconds.
Begin MonoManager ReloadAssembly
Symbol file data-000002B11A08B010 doesn't match image C:\Users\arsht\OneDrive\Documents\GitHub\Pugs-Frogs-IN-SPACE\PAFIS\Library\ScriptAssemblies\Unity.2D.Animation.Editor.dll
Symbol file LoadedFromMemory is not a mono symbol file
Symbol file data-000002B119F0D500 doesn't match image C:\Users\arsht\OneDrive\Documents\GitHub\Pugs-Frogs-IN-SPACE\PAFIS\Library\ScriptAssemblies\Unity.InternalAPIEngineBridge.001.dll
Symbol file LoadedFromMemory is not a mono symbol file
Symbol file data-000002B11530A020 doesn't match image C:\Users\arsht\OneDrive\Documents\GitHub\Pugs-Frogs-IN-SPACE\PAFIS\Library\ScriptAssemblies\Unity.VSCode.Editor.dll
Symbol file LoadedFromMemory is not a mono symbol file
Symbol file data-000002B1167C44C0 doesn't match image C:\Users\arsht\OneDrive\Documents\GitHub\Pugs-Frogs-IN-SPACE\PAFIS\Library\ScriptAssemblies\Unity.2D.PixelPerfect.dll
Symbol file LoadedFromMemory is not a mono symbol file
Symbol file data-000002B116CEE030 doesn't match image C:\Users\arsht\OneDrive\Documents\GitHub\Pugs-Frogs-IN-SPACE\PAFIS\Library\ScriptAssemblies\Unity.2D.Tilemap.Editor.dll
Symbol file LoadedFromMemory is not a mono symbol file
Symbol file data-000002B119C84010 doesn't match image C:\Users\arsht\OneDrive\Documents\GitHub\Pugs-Frogs-IN-SPACE\PAFIS\Library\ScriptAssemblies\PsdPlugin.dll
Symbol file LoadedFromMemory is not a mono symbol file
Symbol file data-000002B110EE7020 doesn't match image C:\Users\arsht\OneDrive\Documents\GitHub\Pugs-Frogs-IN-SPACE\PAFIS\Library\ScriptAssemblies\Unity.TextMeshPro.Editor.dll
Symbol file LoadedFromMemory is not a mono symbol file
Symbol file data-000002B119F62020 doesn't match image C:\Users\arsht\OneDrive\Documents\GitHub\Pugs-Frogs-IN-SPACE\PAFIS\Library\ScriptAssemblies\Unity.VisualStudio.Editor.dll
Symbol file LoadedFromMemory is not a mono symbol file
Symbol file data-000002B1116F8030 doesn't match image C:\Users\arsht\OneDrive\Documents\GitHub\Pugs-Frogs-IN-SPACE\PAFIS\Library\ScriptAssemblies\UnityEngine.TestRunner.dll
Symbol file LoadedFromMemory is not a mono symbol file
Symbol file data-000002B116CEE030 doesn't match image C:\Users\arsht\OneDrive\Documents\GitHub\Pugs-Frogs-IN-SPACE\PAFIS\Library\ScriptAssemblies\Unity.Timeline.dll
Symbol file LoadedFromMemory is not a mono symbol file
Symbol file data-000002B111061030 doesn't match image C:\Users\arsht\OneDrive\Documents\GitHub\Pugs-Frogs-IN-SPACE\PAFIS\Library\ScriptAssemblies\Unity.TextMeshPro.dll
Symbol file LoadedFromMemory is not a mono symbol file
Symbol file data-000002B116C64050 doesn't match image C:\Users\arsht\OneDrive\Documents\GitHub\Pugs-Frogs-IN-SPACE\PAFIS\Library\ScriptAssemblies\UnityEditor.TestRunner.dll
Symbol file LoadedFromMemory is not a mono symbol file
Symbol file data-000002B11530A020 doesn't match image C:\Users\arsht\OneDrive\Documents\GitHub\Pugs-Frogs-IN-SPACE\PAFIS\Library\ScriptAssemblies\Unity.2D.IK.Editor.dll
Symbol file LoadedFromMemory is not a mono symbol file
Symbol file data-000002B116CEE030 doesn't match image C:\Users\arsht\OneDrive\Documents\GitHub\Pugs-Frogs-IN-SPACE\PAFIS\Library\ScriptAssemblies\Unity.2D.Sprite.Editor.dll
Symbol file LoadedFromMemory is not a mono symbol file
Symbol file data-000002B11A3E6560 doesn't match image C:\Users\arsht\OneDrive\Documents\GitHub\Pugs-Frogs-IN-SPACE\PAFIS\Library\ScriptAssemblies\Unity.2D.Psdimporter.Editor.dll
Symbol file LoadedFromMemory is not a mono symbol file
Symbol file data-000002B11A3E6560 doesn't match image C:\Users\arsht\OneDrive\Documents\GitHub\Pugs-Frogs-IN-SPACE\PAFIS\Library\ScriptAssemblies\Unity.2D.Path.Editor.dll
Symbol file LoadedFromMemory is not a mono symbol file
Symbol file data-000002B117365440 doesn't match image C:\Users\arsht\OneDrive\Documents\GitHub\Pugs-Frogs-IN-SPACE\PAFIS\Library\ScriptAssemblies\Unity.InternalAPIEditorBridge.001.dll
Symbol file LoadedFromMemory is not a mono symbol file
Symbol file data-000002B11A3E6560 doesn't match image C:\Users\arsht\OneDrive\Documents\GitHub\Pugs-Frogs-IN-SPACE\PAFIS\Library\ScriptAssemblies\UnityEditor.UI.dll
Symbol file LoadedFromMemory is not a mono symbol file
Symbol file data-000002B111528420 doesn't match image C:\Users\arsht\OneDrive\Documents\GitHub\Pugs-Frogs-IN-SPACE\PAFIS\Library\ScriptAssemblies\Unity.PlasticSCM.Editor.dll
Symbol file LoadedFromMemory is not a mono symbol file
Symbol file data-000002B119EB0FC0 doesn't match image C:\Users\arsht\OneDrive\Documents\GitHub\Pugs-Frogs-IN-SPACE\PAFIS\Library\ScriptAssemblies\Unity.Rider.Editor.dll
Symbol file LoadedFromMemory is not a mono symbol file
Symbol file data-000002B116C34020 doesn't match image C:\Users\arsht\OneDrive\Documents\GitHub\Pugs-Frogs-IN-SPACE\PAFIS\Library\ScriptAssemblies\UnityEngine.UI.dll
Symbol file LoadedFromMemory is not a mono symbol file
Symbol file data-000002B1154DE6F0 doesn't match image C:\Users\arsht\OneDrive\Documents\GitHub\Pugs-Frogs-IN-SPACE\PAFIS\Library\ScriptAssemblies\Unity.Mathematics.dll
Symbol file LoadedFromMemory is not a mono symbol file
Symbol file data-000002B11530A020 doesn't match image C:\Users\arsht\OneDrive\Documents\GitHub\Pugs-Frogs-IN-SPACE\PAFIS\Library\ScriptAssemblies\Unity.2D.IK.Runtime.dll
Symbol file LoadedFromMemory is not a mono symbol file
Symbol file data-000002B119EBD930 doesn't match image C:\Users\arsht\OneDrive\Documents\GitHub\Pugs-Frogs-IN-SPACE\PAFIS\Library\ScriptAssemblies\Unity.Services.Core.Editor.dll
Symbol file LoadedFromMemory is not a mono symbol file
Symbol file data-000002B116C34020 doesn't match image C:\Users\arsht\OneDrive\Documents\GitHub\Pugs-Frogs-IN-SPACE\PAFIS\Library\ScriptAssemblies\Unity.2D.Animation.Triangle.Editor.dll
Symbol file LoadedFromMemory is not a mono symbol file
Symbol file data-000002B1169CE240 doesn't match image C:\Users\arsht\OneDrive\Documents\GitHub\Pugs-Frogs-IN-SPACE\PAFIS\Library\ScriptAssemblies\Unity.2D.Animation.Runtime.dll
Symbol file LoadedFromMemory is not a mono symbol file
Symbol file data-000002B119F69430 doesn't match image C:\Users\arsht\OneDrive\Documents\GitHub\Pugs-Frogs-IN-SPACE\PAFIS\Library\ScriptAssemblies\Unity.2D.PixelPerfect.Editor.dll
Symbol file LoadedFromMemory is not a mono symbol file
Symbol file data-000002B111465030 doesn't match image C:\Users\arsht\OneDrive\Documents\GitHub\Pugs-Frogs-IN-SPACE\PAFIS\Library\ScriptAssemblies\Unity.Timeline.Editor.dll
Symbol file LoadedFromMemory is not a mono symbol file
Symbol file data-000002B115F7D010 doesn't match image C:\Users\arsht\OneDrive\Documents\GitHub\Pugs-Frogs-IN-SPACE\PAFIS\Library\ScriptAssemblies\Unity.CollabProxy.Editor.dll
Symbol file LoadedFromMemory is not a mono symbol file
Symbol file data-000002B11610E820 doesn't match image C:\Users\arsht\OneDrive\Documents\GitHub\Pugs-Frogs-IN-SPACE\PAFIS\Library\ScriptAssemblies\Unity.Mathematics.Editor.dll
Symbol file LoadedFromMemory is not a mono symbol file
Symbol file data-000002B1199A8F70 doesn't match image C:\Users\arsht\OneDrive\Documents\GitHub\Pugs-Frogs-IN-SPACE\PAFIS\Library\ScriptAssemblies\Unity.2D.Common.Runtime.dll
Symbol file LoadedFromMemory is not a mono symbol file
Symbol file data-000002B11A50DC20 doesn't match image C:\Users\arsht\OneDrive\Documents\GitHub\Pugs-Frogs-IN-SPACE\PAFIS\Library\ScriptAssemblies\Unity.2D.SpriteShape.Editor.dll
Symbol file LoadedFromMemory is not a mono symbol file
Symbol file data-000002B11530A020 doesn't match image C:\Users\arsht\OneDrive\Documents\GitHub\Pugs-Frogs-IN-SPACE\PAFIS\Library\ScriptAssemblies\Unity.2D.Common.Editor.dll
Symbol file LoadedFromMemory is not a mono symbol file
Symbol file data-000002B115F7D010 doesn't match image C:\Users\arsht\OneDrive\Documents\GitHub\Pugs-Frogs-IN-SPACE\PAFIS\Library\ScriptAssemblies\Unity.2D.SpriteShape.Runtime.dll
Symbol file LoadedFromMemory is not a mono symbol file
Native extension for WindowsStandalone target not found
Refreshing native plugins compatible for Editor in 0.49 ms, found 3 plugins.
Preloading 0 native plugins for Editor in 0.00 ms.
Mono: successfully reloaded assembly
- Completed reload, in  1.720 seconds
Domain Reload Profiling:
	ReloadAssembly (1721ms)
		BeginReloadAssembly (213ms)
			ExecutionOrderSort (0ms)
			DisableScriptedObjects (10ms)
			BackupInstance (0ms)
			ReleaseScriptingObjects (0ms)
			CreateAndSetChildDomain (63ms)
		EndReloadAssembly (1392ms)
			LoadAssemblies (203ms)
			RebuildTransferFunctionScriptingTraits (0ms)
			SetupTypeCache (471ms)
			ReleaseScriptCaches (2ms)
			RebuildScriptCaches (83ms)
			SetupLoadedEditorAssemblies (489ms)
				LogAssemblyErrors (0ms)
				InitializePlatformSupportModulesInManaged (10ms)
				SetLoadedEditorAssemblies (0ms)
				RefreshPlugins (1ms)
				BeforeProcessingInitializeOnLoad (108ms)
				ProcessInitializeOnLoadAttributes (348ms)
				ProcessInitializeOnLoadMethodAttributes (18ms)
				AfterProcessingInitializeOnLoad (4ms)
				EditorAssembliesLoaded (0ms)
			ExecutionOrderSort2 (0ms)
			AwakeInstancesAfterBackupRestoration (5ms)
Platform modules already initialized, skipping
Refreshing native plugins compatible for Editor in 1.08 ms, found 3 plugins.
Preloading 0 native plugins for Editor in 0.00 ms.
Unloading 2204 Unused Serialized files (Serialized files now loaded: 0)
System memory in use before: 100.3 MB.
System memory in use after: 100.3 MB.

Unloading 20 unused Assets to reduce memory usage. Loaded Objects now: 2663.
Total: 6.395800 ms (FindLiveObjects: 0.305500 ms CreateObjectMapping: 0.133700 ms MarkObjects: 5.727700 ms  DeleteObjects: 0.226800 ms)

AssetImportParameters requested are different than current active one (requested -> active):
  custom:framework-win-MediaFoundation: 216162199b28c13a410421893ffa2e32 -> 
  custom:video-decoder-ogg-theora: a1e56fd34408186e4bbccfd4996cb3dc -> 
  custom:container-muxer-webm: aa71ff27fc2769a1b78a27578f13a17b -> 
  custom:container-demuxer-webm: 4f35f7cbe854078d1ac9338744f61a02 -> 
  custom:container-demuxer-ogg: 62fdf1f143b41e24485cea50d1cbac27 -> 
  custom:video-encoder-webm-vp8: eb34c28f22e8b96e1ab97ce403110664 -> 
  custom:video-codec-MediaFoundation-h265: 746d11721c4dcdbdad8f713fa42b33f4 -> 
  custom:video-decoder-webm-vp8: 9c59270c3fd7afecdb556c50c9e8de78 -> 
  custom:audio-decoder-ogg-vorbis: bf7c407c2cedff20999df2af8eb42d56 -> 
  custom:audio-encoder-webm-vorbis: bf7c407c2cedff20999df2af8eb42d56 -> 
========================================================================
Received Prepare
Registering precompiled user dll's ...
Registered in 0.004386 seconds.
Begin MonoManager ReloadAssembly
Symbol file data-000002B118C2B020 doesn't match image C:\Users\arsht\OneDrive\Documents\GitHub\Pugs-Frogs-IN-SPACE\PAFIS\Library\ScriptAssemblies\Unity.2D.Animation.Editor.dll
Symbol file LoadedFromMemory is not a mono symbol file
Symbol file data-000002B119F0F380 doesn't match image C:\Users\arsht\OneDrive\Documents\GitHub\Pugs-Frogs-IN-SPACE\PAFIS\Library\ScriptAssemblies\Unity.InternalAPIEngineBridge.001.dll
Symbol file LoadedFromMemory is not a mono symbol file
Symbol file data-000002B11530A020 doesn't match image C:\Users\arsht\OneDrive\Documents\GitHub\Pugs-Frogs-IN-SPACE\PAFIS\Library\ScriptAssemblies\Unity.VSCode.Editor.dll
Symbol file LoadedFromMemory is not a mono symbol file
Symbol file data-000002B11A3EC120 doesn't match image C:\Users\arsht\OneDrive\Documents\GitHub\Pugs-Frogs-IN-SPACE\PAFIS\Library\ScriptAssemblies\Unity.2D.PixelPerfect.dll
Symbol file LoadedFromMemory is not a mono symbol file
Symbol file data-000002B110EE7020 doesn't match image C:\Users\arsht\OneDrive\Documents\GitHub\Pugs-Frogs-IN-SPACE\PAFIS\Library\ScriptAssemblies\Unity.2D.Tilemap.Editor.dll
Symbol file LoadedFromMemory is not a mono symbol file
Symbol file data-000002B118BBB030 doesn't match image C:\Users\arsht\OneDrive\Documents\GitHub\Pugs-Frogs-IN-SPACE\PAFIS\Library\ScriptAssemblies\PsdPlugin.dll
Symbol file LoadedFromMemory is not a mono symbol file
Symbol file data-000002B118D37020 doesn't match image C:\Users\arsht\OneDrive\Documents\GitHub\Pugs-Frogs-IN-SPACE\PAFIS\Library\ScriptAssemblies\Unity.TextMeshPro.Editor.dll
Symbol file LoadedFromMemory is not a mono symbol file
Symbol file data-000002B115B44040 doesn't match image C:\Users\arsht\OneDrive\Documents\GitHub\Pugs-Frogs-IN-SPACE\PAFIS\Library\ScriptAssemblies\Unity.VisualStudio.Editor.dll
Symbol file LoadedFromMemory is not a mono symbol file
Symbol file data-000002B1116F8030 doesn't match image C:\Users\arsht\OneDrive\Documents\GitHub\Pugs-Frogs-IN-SPACE\PAFIS\Library\ScriptAssemblies\UnityEngine.TestRunner.dll
Symbol file LoadedFromMemory is not a mono symbol file
Symbol file data-000002B110EE7020 doesn't match image C:\Users\arsht\OneDrive\Documents\GitHub\Pugs-Frogs-IN-SPACE\PAFIS\Library\ScriptAssemblies\Unity.Timeline.dll
Symbol file LoadedFromMemory is not a mono symbol file
Symbol file data-000002B111061030 doesn't match image C:\Users\arsht\OneDrive\Documents\GitHub\Pugs-Frogs-IN-SPACE\PAFIS\Library\ScriptAssemblies\Unity.TextMeshPro.dll
Symbol file LoadedFromMemory is not a mono symbol file
Symbol file data-000002B116C64050 doesn't match image C:\Users\arsht\OneDrive\Documents\GitHub\Pugs-Frogs-IN-SPACE\PAFIS\Library\ScriptAssemblies\UnityEditor.TestRunner.dll
Symbol file LoadedFromMemory is not a mono symbol file
Symbol file data-000002B11530A020 doesn't match image C:\Users\arsht\OneDrive\Documents\GitHub\Pugs-Frogs-IN-SPACE\PAFIS\Library\ScriptAssemblies\Unity.2D.IK.Editor.dll
Symbol file LoadedFromMemory is not a mono symbol file
Symbol file data-000002B117357020 doesn't match image C:\Users\arsht\OneDrive\Documents\GitHub\Pugs-Frogs-IN-SPACE\PAFIS\Library\ScriptAssemblies\Unity.2D.Sprite.Editor.dll
Symbol file LoadedFromMemory is not a mono symbol file
Symbol file data-000002B119F62020 doesn't match image C:\Users\arsht\OneDrive\Documents\GitHub\Pugs-Frogs-IN-SPACE\PAFIS\Library\ScriptAssemblies\Unity.2D.Psdimporter.Editor.dll
Symbol file LoadedFromMemory is not a mono symbol file
Symbol file data-000002B11A017020 doesn't match image C:\Users\arsht\OneDrive\Documents\GitHub\Pugs-Frogs-IN-SPACE\PAFIS\Library\ScriptAssemblies\Unity.2D.Path.Editor.dll
Symbol file LoadedFromMemory is not a mono symbol file
Symbol file data-000002B11898A430 doesn't match image C:\Users\arsht\OneDrive\Documents\GitHub\Pugs-Frogs-IN-SPACE\PAFIS\Library\ScriptAssemblies\Unity.InternalAPIEditorBridge.001.dll
Symbol file LoadedFromMemory is not a mono symbol file
Symbol file data-000002B116B26430 doesn't match image C:\Users\arsht\OneDrive\Documents\GitHub\Pugs-Frogs-IN-SPACE\PAFIS\Library\ScriptAssemblies\UnityEditor.UI.dll
Symbol file LoadedFromMemory is not a mono symbol file
Symbol file data-000002B111528420 doesn't match image C:\Users\arsht\OneDrive\Documents\GitHub\Pugs-Frogs-IN-SPACE\PAFIS\Library\ScriptAssemblies\Unity.PlasticSCM.Editor.dll
Symbol file LoadedFromMemory is not a mono symbol file
Symbol file data-000002B1198B2010 doesn't match image C:\Users\arsht\OneDrive\Documents\GitHub\Pugs-Frogs-IN-SPACE\PAFIS\Library\ScriptAssemblies\Unity.Rider.Editor.dll
Symbol file LoadedFromMemory is not a mono symbol file
Symbol file data-000002B13AB10A10 doesn't match image C:\Users\arsht\OneDrive\Documents\GitHub\Pugs-Frogs-IN-SPACE\PAFIS\Library\ScriptAssemblies\UnityEngine.UI.dll
Symbol file LoadedFromMemory is not a mono symbol file
Symbol file data-000002B1154DE6F0 doesn't match image C:\Users\arsht\OneDrive\Documents\GitHub\Pugs-Frogs-IN-SPACE\PAFIS\Library\ScriptAssemblies\Unity.Mathematics.dll
Symbol file LoadedFromMemory is not a mono symbol file
Symbol file data-000002B11530A020 doesn't match image C:\Users\arsht\OneDrive\Documents\GitHub\Pugs-Frogs-IN-SPACE\PAFIS\Library\ScriptAssemblies\Unity.2D.IK.Runtime.dll
Symbol file LoadedFromMemory is not a mono symbol file
Symbol file data-000002AF410D80E0 doesn't match image C:\Users\arsht\OneDrive\Documents\GitHub\Pugs-Frogs-IN-SPACE\PAFIS\Library\ScriptAssemblies\Unity.Services.Core.Editor.dll
Symbol file LoadedFromMemory is not a mono symbol file
Symbol file data-000002B13AB10A10 doesn't match image C:\Users\arsht\OneDrive\Documents\GitHub\Pugs-Frogs-IN-SPACE\PAFIS\Library\ScriptAssemblies\Unity.2D.Animation.Triangle.Editor.dll
Symbol file LoadedFromMemory is not a mono symbol file
Symbol file data-000002B1158F1D30 doesn't match image C:\Users\arsht\OneDrive\Documents\GitHub\Pugs-Frogs-IN-SPACE\PAFIS\Library\ScriptAssemblies\Unity.2D.Animation.Runtime.dll
Symbol file LoadedFromMemory is not a mono symbol file
Symbol file data-000002B110EF6710 doesn't match image C:\Users\arsht\OneDrive\Documents\GitHub\Pugs-Frogs-IN-SPACE\PAFIS\Library\ScriptAssemblies\Unity.2D.PixelPerfect.Editor.dll
Symbol file LoadedFromMemory is not a mono symbol file
Symbol file data-000002B115833B20 doesn't match image C:\Users\arsht\OneDrive\Documents\GitHub\Pugs-Frogs-IN-SPACE\PAFIS\Library\ScriptAssemblies\Unity.Timeline.Editor.dll
Symbol file LoadedFromMemory is not a mono symbol file
Symbol file data-000002B110EE7020 doesn't match image C:\Users\arsht\OneDrive\Documents\GitHub\Pugs-Frogs-IN-SPACE\PAFIS\Library\ScriptAssemblies\Unity.CollabProxy.Editor.dll
Symbol file LoadedFromMemory is not a mono symbol file
Symbol file data-000002B115F2D3A0 doesn't match image C:\Users\arsht\OneDrive\Documents\GitHub\Pugs-Frogs-IN-SPACE\PAFIS\Library\ScriptAssemblies\Unity.Mathematics.Editor.dll
Symbol file LoadedFromMemory is not a mono symbol file
Symbol file data-000002B110AC6380 doesn't match image C:\Users\arsht\OneDrive\Documents\GitHub\Pugs-Frogs-IN-SPACE\PAFIS\Library\ScriptAssemblies\Unity.2D.Common.Runtime.dll
Symbol file LoadedFromMemory is not a mono symbol file
Symbol file data-000002B116B26430 doesn't match image C:\Users\arsht\OneDrive\Documents\GitHub\Pugs-Frogs-IN-SPACE\PAFIS\Library\ScriptAssemblies\Unity.2D.SpriteShape.Editor.dll
Symbol file LoadedFromMemory is not a mono symbol file
Symbol file data-000002B11530A020 doesn't match image C:\Users\arsht\OneDrive\Documents\GitHub\Pugs-Frogs-IN-SPACE\PAFIS\Library\ScriptAssemblies\Unity.2D.Common.Editor.dll
Symbol file LoadedFromMemory is not a mono symbol file
Symbol file data-000002B110EE7020 doesn't match image C:\Users\arsht\OneDrive\Documents\GitHub\Pugs-Frogs-IN-SPACE\PAFIS\Library\ScriptAssemblies\Unity.2D.SpriteShape.Runtime.dll
Symbol file LoadedFromMemory is not a mono symbol file
Native extension for WindowsStandalone target not found
Refreshing native plugins compatible for Editor in 0.93 ms, found 3 plugins.
Preloading 0 native plugins for Editor in 0.00 ms.
Mono: successfully reloaded assembly
- Completed reload, in  1.931 seconds
Domain Reload Profiling:
	ReloadAssembly (1932ms)
		BeginReloadAssembly (236ms)
			ExecutionOrderSort (0ms)
			DisableScriptedObjects (13ms)
			BackupInstance (0ms)
			ReleaseScriptingObjects (0ms)
			CreateAndSetChildDomain (75ms)
		EndReloadAssembly (1546ms)
			LoadAssemblies (215ms)
			RebuildTransferFunctionScriptingTraits (0ms)
			SetupTypeCache (597ms)
			ReleaseScriptCaches (2ms)
			RebuildScriptCaches (98ms)
			SetupLoadedEditorAssemblies (550ms)
				LogAssemblyErrors (0ms)
				InitializePlatformSupportModulesInManaged (7ms)
				SetLoadedEditorAssemblies (1ms)
				RefreshPlugins (1ms)
				BeforeProcessingInitializeOnLoad (112ms)
				ProcessInitializeOnLoadAttributes (386ms)
				ProcessInitializeOnLoadMethodAttributes (37ms)
				AfterProcessingInitializeOnLoad (5ms)
				EditorAssembliesLoaded (0ms)
			ExecutionOrderSort2 (0ms)
			AwakeInstancesAfterBackupRestoration (5ms)
Platform modules already initialized, skipping
Refreshing native plugins compatible for Editor in 1.14 ms, found 3 plugins.
Preloading 0 native plugins for Editor in 0.00 ms.
Unloading 2204 Unused Serialized files (Serialized files now loaded: 0)
System memory in use before: 100.3 MB.
System memory in use after: 100.3 MB.

Unloading 20 unused Assets to reduce memory usage. Loaded Objects now: 2666.
Total: 5.838400 ms (FindLiveObjects: 0.201000 ms CreateObjectMapping: 0.107600 ms MarkObjects: 5.265100 ms  DeleteObjects: 0.262100 ms)

AssetImportParameters requested are different than current active one (requested -> active):
  custom:framework-win-MediaFoundation: 216162199b28c13a410421893ffa2e32 -> 
  custom:video-decoder-ogg-theora: a1e56fd34408186e4bbccfd4996cb3dc -> 
  custom:container-muxer-webm: aa71ff27fc2769a1b78a27578f13a17b -> 
  custom:container-demuxer-webm: 4f35f7cbe854078d1ac9338744f61a02 -> 
  custom:container-demuxer-ogg: 62fdf1f143b41e24485cea50d1cbac27 -> 
  custom:video-encoder-webm-vp8: eb34c28f22e8b96e1ab97ce403110664 -> 
  custom:video-codec-MediaFoundation-h265: 746d11721c4dcdbdad8f713fa42b33f4 -> 
  custom:video-decoder-webm-vp8: 9c59270c3fd7afecdb556c50c9e8de78 -> 
  custom:audio-decoder-ogg-vorbis: bf7c407c2cedff20999df2af8eb42d56 -> 
  custom:audio-encoder-webm-vorbis: bf7c407c2cedff20999df2af8eb42d56 -> 
========================================================================
Received Import Request.
  Time since last request: 433.164633 seconds.
  path: Assets/Scenes/MainMenu.unity
  artifactKey: Guid(2cda990e2423bbf4892e6590ba056729) Importer(815301076,1909f56bfc062723c751e8b465ee728b)
Start importing Assets/Scenes/MainMenu.unity using Guid(2cda990e2423bbf4892e6590ba056729) Importer(815301076,1909f56bfc062723c751e8b465ee728b)  -> (artifact id: '7b25662b363e527f0ac0a19f4f1a34cb') in 0.018871 seconds 
========================================================================
Received Prepare
Registering precompiled user dll's ...
Registered in 0.002809 seconds.
Begin MonoManager ReloadAssembly
Symbol file data-000002B118C2B020 doesn't match image C:\Users\arsht\OneDrive\Documents\GitHub\Pugs-Frogs-IN-SPACE\PAFIS\Library\ScriptAssemblies\Unity.2D.Animation.Editor.dll
Symbol file LoadedFromMemory is not a mono symbol file
Symbol file data-000002B119F0BE20 doesn't match image C:\Users\arsht\OneDrive\Documents\GitHub\Pugs-Frogs-IN-SPACE\PAFIS\Library\ScriptAssemblies\Unity.InternalAPIEngineBridge.001.dll
Symbol file LoadedFromMemory is not a mono symbol file
Symbol file data-000002B1165E14C0 doesn't match image C:\Users\arsht\OneDrive\Documents\GitHub\Pugs-Frogs-IN-SPACE\PAFIS\Library\ScriptAssemblies\Unity.VSCode.Editor.dll
Symbol file LoadedFromMemory is not a mono symbol file
Symbol file data-000002B11A065EC0 doesn't match image C:\Users\arsht\OneDrive\Documents\GitHub\Pugs-Frogs-IN-SPACE\PAFIS\Library\ScriptAssemblies\Unity.2D.PixelPerfect.dll
Symbol file LoadedFromMemory is not a mono symbol file
Symbol file data-000002B11A321010 doesn't match image C:\Users\arsht\OneDrive\Documents\GitHub\Pugs-Frogs-IN-SPACE\PAFIS\Library\ScriptAssemblies\Unity.2D.Tilemap.Editor.dll
Symbol file LoadedFromMemory is not a mono symbol file
Symbol file data-000002B118BBB030 doesn't match image C:\Users\arsht\OneDrive\Documents\GitHub\Pugs-Frogs-IN-SPACE\PAFIS\Library\ScriptAssemblies\PsdPlugin.dll
Symbol file LoadedFromMemory is not a mono symbol file
Symbol file data-000002B1158C2030 doesn't match image C:\Users\arsht\OneDrive\Documents\GitHub\Pugs-Frogs-IN-SPACE\PAFIS\Library\ScriptAssemblies\Unity.TextMeshPro.Editor.dll
Symbol file LoadedFromMemory is not a mono symbol file
Symbol file data-000002B116A9D020 doesn't match image C:\Users\arsht\OneDrive\Documents\GitHub\Pugs-Frogs-IN-SPACE\PAFIS\Library\ScriptAssemblies\Unity.VisualStudio.Editor.dll
Symbol file LoadedFromMemory is not a mono symbol file
Symbol file data-000002B1116F8030 doesn't match image C:\Users\arsht\OneDrive\Documents\GitHub\Pugs-Frogs-IN-SPACE\PAFIS\Library\ScriptAssemblies\UnityEngine.TestRunner.dll
Symbol file LoadedFromMemory is not a mono symbol file
Symbol file data-000002B11A321010 doesn't match image C:\Users\arsht\OneDrive\Documents\GitHub\Pugs-Frogs-IN-SPACE\PAFIS\Library\ScriptAssemblies\Unity.Timeline.dll
Symbol file LoadedFromMemory is not a mono symbol file
Symbol file data-000002B115F306F0 doesn't match image C:\Users\arsht\OneDrive\Documents\GitHub\Pugs-Frogs-IN-SPACE\PAFIS\Library\ScriptAssemblies\Unity.TextMeshPro.dll
Symbol file LoadedFromMemory is not a mono symbol file
Symbol file data-000002B116C64050 doesn't match image C:\Users\arsht\OneDrive\Documents\GitHub\Pugs-Frogs-IN-SPACE\PAFIS\Library\ScriptAssemblies\UnityEditor.TestRunner.dll
Symbol file LoadedFromMemory is not a mono symbol file
Symbol file data-000002B1165E14C0 doesn't match image C:\Users\arsht\OneDrive\Documents\GitHub\Pugs-Frogs-IN-SPACE\PAFIS\Library\ScriptAssemblies\Unity.2D.IK.Editor.dll
Symbol file LoadedFromMemory is not a mono symbol file
Symbol file data-000002B117357020 doesn't match image C:\Users\arsht\OneDrive\Documents\GitHub\Pugs-Frogs-IN-SPACE\PAFIS\Library\ScriptAssemblies\Unity.2D.Sprite.Editor.dll
Symbol file LoadedFromMemory is not a mono symbol file
Symbol file data-000002B119F62020 doesn't match image C:\Users\arsht\OneDrive\Documents\GitHub\Pugs-Frogs-IN-SPACE\PAFIS\Library\ScriptAssemblies\Unity.2D.Psdimporter.Editor.dll
Symbol file LoadedFromMemory is not a mono symbol file
Symbol file data-000002B110EEF030 doesn't match image C:\Users\arsht\OneDrive\Documents\GitHub\Pugs-Frogs-IN-SPACE\PAFIS\Library\ScriptAssemblies\Unity.2D.Path.Editor.dll
Symbol file LoadedFromMemory is not a mono symbol file
Symbol file data-000002B11898A430 doesn't match image C:\Users\arsht\OneDrive\Documents\GitHub\Pugs-Frogs-IN-SPACE\PAFIS\Library\ScriptAssemblies\Unity.InternalAPIEditorBridge.001.dll
Symbol file LoadedFromMemory is not a mono symbol file
Symbol file data-000002B119F62020 doesn't match image C:\Users\arsht\OneDrive\Documents\GitHub\Pugs-Frogs-IN-SPACE\PAFIS\Library\ScriptAssemblies\UnityEditor.UI.dll
Symbol file LoadedFromMemory is not a mono symbol file
Symbol file data-000002B117153010 doesn't match image C:\Users\arsht\OneDrive\Documents\GitHub\Pugs-Frogs-IN-SPACE\PAFIS\Library\ScriptAssemblies\Unity.PlasticSCM.Editor.dll
Symbol file LoadedFromMemory is not a mono symbol file
Symbol file data-000002B119E5C020 doesn't match image C:\Users\arsht\OneDrive\Documents\GitHub\Pugs-Frogs-IN-SPACE\PAFIS\Library\ScriptAssemblies\Unity.Rider.Editor.dll
Symbol file LoadedFromMemory is not a mono symbol file
Symbol file data-000002B116B11A20 doesn't match image C:\Users\arsht\OneDrive\Documents\GitHub\Pugs-Frogs-IN-SPACE\PAFIS\Library\ScriptAssemblies\UnityEngine.UI.dll
Symbol file LoadedFromMemory is not a mono symbol file
Symbol file data-000002B1154DE6F0 doesn't match image C:\Users\arsht\OneDrive\Documents\GitHub\Pugs-Frogs-IN-SPACE\PAFIS\Library\ScriptAssemblies\Unity.Mathematics.dll
Symbol file LoadedFromMemory is not a mono symbol file
Symbol file data-000002B1165E14C0 doesn't match image C:\Users\arsht\OneDrive\Documents\GitHub\Pugs-Frogs-IN-SPACE\PAFIS\Library\ScriptAssemblies\Unity.2D.IK.Runtime.dll
Symbol file LoadedFromMemory is not a mono symbol file
Symbol file data-000002B119E5C020 doesn't match image C:\Users\arsht\OneDrive\Documents\GitHub\Pugs-Frogs-IN-SPACE\PAFIS\Library\ScriptAssemblies\Unity.Services.Core.Editor.dll
Symbol file LoadedFromMemory is not a mono symbol file
Symbol file data-000002B116B11A20 doesn't match image C:\Users\arsht\OneDrive\Documents\GitHub\Pugs-Frogs-IN-SPACE\PAFIS\Library\ScriptAssemblies\Unity.2D.Animation.Triangle.Editor.dll
Symbol file LoadedFromMemory is not a mono symbol file
Symbol file data-000002B13AD58C50 doesn't match image C:\Users\arsht\OneDrive\Documents\GitHub\Pugs-Frogs-IN-SPACE\PAFIS\Library\ScriptAssemblies\Unity.2D.Animation.Runtime.dll
Symbol file LoadedFromMemory is not a mono symbol file
Symbol file data-000002B1168E36B0 doesn't match image C:\Users\arsht\OneDrive\Documents\GitHub\Pugs-Frogs-IN-SPACE\PAFIS\Library\ScriptAssemblies\Unity.2D.PixelPerfect.Editor.dll
Symbol file LoadedFromMemory is not a mono symbol file
Symbol file data-000002B1159AF010 doesn't match image C:\Users\arsht\OneDrive\Documents\GitHub\Pugs-Frogs-IN-SPACE\PAFIS\Library\ScriptAssemblies\Unity.Timeline.Editor.dll
Symbol file LoadedFromMemory is not a mono symbol file
Symbol file data-000002B11A321010 doesn't match image C:\Users\arsht\OneDrive\Documents\GitHub\Pugs-Frogs-IN-SPACE\PAFIS\Library\ScriptAssemblies\Unity.CollabProxy.Editor.dll
Symbol file LoadedFromMemory is not a mono symbol file
Symbol file data-000002B11610E820 doesn't match image C:\Users\arsht\OneDrive\Documents\GitHub\Pugs-Frogs-IN-SPACE\PAFIS\Library\ScriptAssemblies\Unity.Mathematics.Editor.dll
Symbol file LoadedFromMemory is not a mono symbol file
Symbol file data-000002B1199A9C90 doesn't match image C:\Users\arsht\OneDrive\Documents\GitHub\Pugs-Frogs-IN-SPACE\PAFIS\Library\ScriptAssemblies\Unity.2D.Common.Runtime.dll
Symbol file LoadedFromMemory is not a mono symbol file
Symbol file data-000002B119F62020 doesn't match image C:\Users\arsht\OneDrive\Documents\GitHub\Pugs-Frogs-IN-SPACE\PAFIS\Library\ScriptAssemblies\Unity.2D.SpriteShape.Editor.dll
Symbol file LoadedFromMemory is not a mono symbol file
Symbol file data-000002B1165E14C0 doesn't match image C:\Users\arsht\OneDrive\Documents\GitHub\Pugs-Frogs-IN-SPACE\PAFIS\Library\ScriptAssemblies\Unity.2D.Common.Editor.dll
Symbol file LoadedFromMemory is not a mono symbol file
Symbol file data-000002B11A321010 doesn't match image C:\Users\arsht\OneDrive\Documents\GitHub\Pugs-Frogs-IN-SPACE\PAFIS\Library\ScriptAssemblies\Unity.2D.SpriteShape.Runtime.dll
Symbol file LoadedFromMemory is not a mono symbol file
Native extension for WindowsStandalone target not found
Refreshing native plugins compatible for Editor in 0.48 ms, found 3 plugins.
Preloading 0 native plugins for Editor in 0.00 ms.
Mono: successfully reloaded assembly
- Completed reload, in  1.013 seconds
Domain Reload Profiling:
	ReloadAssembly (1014ms)
		BeginReloadAssembly (116ms)
			ExecutionOrderSort (0ms)
			DisableScriptedObjects (5ms)
			BackupInstance (0ms)
			ReleaseScriptingObjects (0ms)
			CreateAndSetChildDomain (32ms)
		EndReloadAssembly (847ms)
			LoadAssemblies (96ms)
			RebuildTransferFunctionScriptingTraits (0ms)
			SetupTypeCache (254ms)
			ReleaseScriptCaches (1ms)
			RebuildScriptCaches (41ms)
			SetupLoadedEditorAssemblies (382ms)
				LogAssemblyErrors (0ms)
				InitializePlatformSupportModulesInManaged (4ms)
				SetLoadedEditorAssemblies (0ms)
				RefreshPlugins (1ms)
				BeforeProcessingInitializeOnLoad (89ms)
				ProcessInitializeOnLoadAttributes (265ms)
				ProcessInitializeOnLoadMethodAttributes (20ms)
				AfterProcessingInitializeOnLoad (4ms)
				EditorAssembliesLoaded (0ms)
			ExecutionOrderSort2 (0ms)
			AwakeInstancesAfterBackupRestoration (4ms)
Platform modules already initialized, skipping
Refreshing native plugins compatible for Editor in 0.83 ms, found 3 plugins.
Preloading 0 native plugins for Editor in 0.00 ms.
Unloading 2204 Unused Serialized files (Serialized files now loaded: 0)
System memory in use before: 100.3 MB.
System memory in use after: 100.3 MB.

Unloading 20 unused Assets to reduce memory usage. Loaded Objects now: 2669.
Total: 3.954700 ms (FindLiveObjects: 0.140000 ms CreateObjectMapping: 0.066600 ms MarkObjects: 3.532800 ms  DeleteObjects: 0.213300 ms)

AssetImportParameters requested are different than current active one (requested -> active):
  custom:framework-win-MediaFoundation: 216162199b28c13a410421893ffa2e32 -> 
  custom:video-decoder-ogg-theora: a1e56fd34408186e4bbccfd4996cb3dc -> 
  custom:container-muxer-webm: aa71ff27fc2769a1b78a27578f13a17b -> 
  custom:container-demuxer-webm: 4f35f7cbe854078d1ac9338744f61a02 -> 
  custom:container-demuxer-ogg: 62fdf1f143b41e24485cea50d1cbac27 -> 
  custom:video-encoder-webm-vp8: eb34c28f22e8b96e1ab97ce403110664 -> 
  custom:video-codec-MediaFoundation-h265: 746d11721c4dcdbdad8f713fa42b33f4 -> 
  custom:video-decoder-webm-vp8: 9c59270c3fd7afecdb556c50c9e8de78 -> 
  custom:audio-decoder-ogg-vorbis: bf7c407c2cedff20999df2af8eb42d56 -> 
  custom:audio-encoder-webm-vorbis: bf7c407c2cedff20999df2af8eb42d56 -> 
========================================================================
Received Prepare
Registering precompiled user dll's ...
Registered in 0.008042 seconds.
Begin MonoManager ReloadAssembly
Symbol file data-000002B116664010 doesn't match image C:\Users\arsht\OneDrive\Documents\GitHub\Pugs-Frogs-IN-SPACE\PAFIS\Library\ScriptAssemblies\Unity.2D.Animation.Editor.dll
Symbol file LoadedFromMemory is not a mono symbol file
Symbol file data-000002B119F0E810 doesn't match image C:\Users\arsht\OneDrive\Documents\GitHub\Pugs-Frogs-IN-SPACE\PAFIS\Library\ScriptAssemblies\Unity.InternalAPIEngineBridge.001.dll
Symbol file LoadedFromMemory is not a mono symbol file
Symbol file data-000002B111700040 doesn't match image C:\Users\arsht\OneDrive\Documents\GitHub\Pugs-Frogs-IN-SPACE\PAFIS\Library\ScriptAssemblies\Unity.VSCode.Editor.dll
Symbol file LoadedFromMemory is not a mono symbol file
Symbol file data-000002B11A5103A0 doesn't match image C:\Users\arsht\OneDrive\Documents\GitHub\Pugs-Frogs-IN-SPACE\PAFIS\Library\ScriptAssemblies\Unity.2D.PixelPerfect.dll
Symbol file LoadedFromMemory is not a mono symbol file
Symbol file data-000002B116CEE030 doesn't match image C:\Users\arsht\OneDrive\Documents\GitHub\Pugs-Frogs-IN-SPACE\PAFIS\Library\ScriptAssemblies\Unity.2D.Tilemap.Editor.dll
Symbol file LoadedFromMemory is not a mono symbol file
Symbol file data-000002B117447010 doesn't match image C:\Users\arsht\OneDrive\Documents\GitHub\Pugs-Frogs-IN-SPACE\PAFIS\Library\ScriptAssemblies\PsdPlugin.dll
Symbol file LoadedFromMemory is not a mono symbol file
Symbol file data-000002B116FF5050 doesn't match image C:\Users\arsht\OneDrive\Documents\GitHub\Pugs-Frogs-IN-SPACE\PAFIS\Library\ScriptAssemblies\Unity.TextMeshPro.Editor.dll
Symbol file LoadedFromMemory is not a mono symbol file
Symbol file data-000002B115B44040 doesn't match image C:\Users\arsht\OneDrive\Documents\GitHub\Pugs-Frogs-IN-SPACE\PAFIS\Library\ScriptAssemblies\Unity.VisualStudio.Editor.dll
Symbol file LoadedFromMemory is not a mono symbol file
Symbol file data-000002B1157EA430 doesn't match image C:\Users\arsht\OneDrive\Documents\GitHub\Pugs-Frogs-IN-SPACE\PAFIS\Library\ScriptAssemblies\UnityEngine.TestRunner.dll
Symbol file LoadedFromMemory is not a mono symbol file
Symbol file data-000002B116CEE030 doesn't match image C:\Users\arsht\OneDrive\Documents\GitHub\Pugs-Frogs-IN-SPACE\PAFIS\Library\ScriptAssemblies\Unity.Timeline.dll
Symbol file LoadedFromMemory is not a mono symbol file
Symbol file data-000002B13AD34040 doesn't match image C:\Users\arsht\OneDrive\Documents\GitHub\Pugs-Frogs-IN-SPACE\PAFIS\Library\ScriptAssemblies\Unity.TextMeshPro.dll
Symbol file LoadedFromMemory is not a mono symbol file
Symbol file data-000002B116C64050 doesn't match image C:\Users\arsht\OneDrive\Documents\GitHub\Pugs-Frogs-IN-SPACE\PAFIS\Library\ScriptAssemblies\UnityEditor.TestRunner.dll
Symbol file LoadedFromMemory is not a mono symbol file
Symbol file data-000002B116693820 doesn't match image C:\Users\arsht\OneDrive\Documents\GitHub\Pugs-Frogs-IN-SPACE\PAFIS\Library\ScriptAssemblies\Unity.2D.IK.Editor.dll
Symbol file LoadedFromMemory is not a mono symbol file
Symbol file data-000002B116FF5050 doesn't match image C:\Users\arsht\OneDrive\Documents\GitHub\Pugs-Frogs-IN-SPACE\PAFIS\Library\ScriptAssemblies\Unity.2D.Sprite.Editor.dll
Symbol file LoadedFromMemory is not a mono symbol file
Symbol file data-000002B116A9D020 doesn't match image C:\Users\arsht\OneDrive\Documents\GitHub\Pugs-Frogs-IN-SPACE\PAFIS\Library\ScriptAssemblies\Unity.2D.Psdimporter.Editor.dll
Symbol file LoadedFromMemory is not a mono symbol file
Symbol file data-000002B1158CA040 doesn't match image C:\Users\arsht\OneDrive\Documents\GitHub\Pugs-Frogs-IN-SPACE\PAFIS\Library\ScriptAssemblies\Unity.2D.Path.Editor.dll
Symbol file LoadedFromMemory is not a mono symbol file
Symbol file data-000002B116C75460 doesn't match image C:\Users\arsht\OneDrive\Documents\GitHub\Pugs-Frogs-IN-SPACE\PAFIS\Library\ScriptAssemblies\Unity.InternalAPIEditorBridge.001.dll
Symbol file LoadedFromMemory is not a mono symbol file
Symbol file data-000002B116A9D020 doesn't match image C:\Users\arsht\OneDrive\Documents\GitHub\Pugs-Frogs-IN-SPACE\PAFIS\Library\ScriptAssemblies\UnityEditor.UI.dll
Symbol file LoadedFromMemory is not a mono symbol file
Symbol file data-000002B117153010 doesn't match image C:\Users\arsht\OneDrive\Documents\GitHub\Pugs-Frogs-IN-SPACE\PAFIS\Library\ScriptAssemblies\Unity.PlasticSCM.Editor.dll
Symbol file LoadedFromMemory is not a mono symbol file
Symbol file data-000002B119E5C020 doesn't match image C:\Users\arsht\OneDrive\Documents\GitHub\Pugs-Frogs-IN-SPACE\PAFIS\Library\ScriptAssemblies\Unity.Rider.Editor.dll
Symbol file LoadedFromMemory is not a mono symbol file
Symbol file data-000002B119521030 doesn't match image C:\Users\arsht\OneDrive\Documents\GitHub\Pugs-Frogs-IN-SPACE\PAFIS\Library\ScriptAssemblies\UnityEngine.UI.dll
Symbol file LoadedFromMemory is not a mono symbol file
Symbol file data-000002B1154DE6F0 doesn't match image C:\Users\arsht\OneDrive\Documents\GitHub\Pugs-Frogs-IN-SPACE\PAFIS\Library\ScriptAssemblies\Unity.Mathematics.dll
Symbol file LoadedFromMemory is not a mono symbol file
Symbol file data-000002B116693820 doesn't match image C:\Users\arsht\OneDrive\Documents\GitHub\Pugs-Frogs-IN-SPACE\PAFIS\Library\ScriptAssemblies\Unity.2D.IK.Runtime.dll
Symbol file LoadedFromMemory is not a mono symbol file
Symbol file data-000002AF410D80E0 doesn't match image C:\Users\arsht\OneDrive\Documents\GitHub\Pugs-Frogs-IN-SPACE\PAFIS\Library\ScriptAssemblies\Unity.Services.Core.Editor.dll
Symbol file LoadedFromMemory is not a mono symbol file
Symbol file data-000002B119521030 doesn't match image C:\Users\arsht\OneDrive\Documents\GitHub\Pugs-Frogs-IN-SPACE\PAFIS\Library\ScriptAssemblies\Unity.2D.Animation.Triangle.Editor.dll
Symbol file LoadedFromMemory is not a mono symbol file
Symbol file data-000002B13AE86C20 doesn't match image C:\Users\arsht\OneDrive\Documents\GitHub\Pugs-Frogs-IN-SPACE\PAFIS\Library\ScriptAssemblies\Unity.2D.Animation.Runtime.dll
Symbol file LoadedFromMemory is not a mono symbol file
Symbol file data-000002B1168E6D10 doesn't match image C:\Users\arsht\OneDrive\Documents\GitHub\Pugs-Frogs-IN-SPACE\PAFIS\Library\ScriptAssemblies\Unity.2D.PixelPerfect.Editor.dll
Symbol file LoadedFromMemory is not a mono symbol file
Symbol file data-000002B11747B010 doesn't match image C:\Users\arsht\OneDrive\Documents\GitHub\Pugs-Frogs-IN-SPACE\PAFIS\Library\ScriptAssemblies\Unity.Timeline.Editor.dll
Symbol file LoadedFromMemory is not a mono symbol file
Symbol file data-000002B11595B010 doesn't match image C:\Users\arsht\OneDrive\Documents\GitHub\Pugs-Frogs-IN-SPACE\PAFIS\Library\ScriptAssemblies\Unity.CollabProxy.Editor.dll
Symbol file LoadedFromMemory is not a mono symbol file
Symbol file data-000002B119E60830 doesn't match image C:\Users\arsht\OneDrive\Documents\GitHub\Pugs-Frogs-IN-SPACE\PAFIS\Library\ScriptAssemblies\Unity.Mathematics.Editor.dll
Symbol file LoadedFromMemory is not a mono symbol file
Symbol file data-000002B110AC6560 doesn't match image C:\Users\arsht\OneDrive\Documents\GitHub\Pugs-Frogs-IN-SPACE\PAFIS\Library\ScriptAssemblies\Unity.2D.Common.Runtime.dll
Symbol file LoadedFromMemory is not a mono symbol file
Symbol file data-000002B116A9D020 doesn't match image C:\Users\arsht\OneDrive\Documents\GitHub\Pugs-Frogs-IN-SPACE\PAFIS\Library\ScriptAssemblies\Unity.2D.SpriteShape.Editor.dll
Symbol file LoadedFromMemory is not a mono symbol file
Symbol file data-000002B116693820 doesn't match image C:\Users\arsht\OneDrive\Documents\GitHub\Pugs-Frogs-IN-SPACE\PAFIS\Library\ScriptAssemblies\Unity.2D.Common.Editor.dll
Symbol file LoadedFromMemory is not a mono symbol file
Symbol file data-000002B116FF5050 doesn't match image C:\Users\arsht\OneDrive\Documents\GitHub\Pugs-Frogs-IN-SPACE\PAFIS\Library\ScriptAssemblies\Unity.2D.SpriteShape.Runtime.dll
Symbol file LoadedFromMemory is not a mono symbol file
Native extension for WindowsStandalone target not found
Refreshing native plugins compatible for Editor in 0.53 ms, found 3 plugins.
Preloading 0 native plugins for Editor in 0.00 ms.
Mono: successfully reloaded assembly
- Completed reload, in  1.492 seconds
Domain Reload Profiling:
	ReloadAssembly (1493ms)
		BeginReloadAssembly (146ms)
			ExecutionOrderSort (0ms)
			DisableScriptedObjects (9ms)
			BackupInstance (0ms)
			ReleaseScriptingObjects (0ms)
			CreateAndSetChildDomain (44ms)
		EndReloadAssembly (1245ms)
			LoadAssemblies (124ms)
			RebuildTransferFunctionScriptingTraits (0ms)
			SetupTypeCache (444ms)
			ReleaseScriptCaches (2ms)
			RebuildScriptCaches (44ms)
			SetupLoadedEditorAssemblies (489ms)
				LogAssemblyErrors (0ms)
				InitializePlatformSupportModulesInManaged (9ms)
				SetLoadedEditorAssemblies (1ms)
				RefreshPlugins (1ms)
				BeforeProcessingInitializeOnLoad (142ms)
				ProcessInitializeOnLoadAttributes (301ms)
				ProcessInitializeOnLoadMethodAttributes (27ms)
				AfterProcessingInitializeOnLoad (8ms)
				EditorAssembliesLoaded (0ms)
			ExecutionOrderSort2 (0ms)
			AwakeInstancesAfterBackupRestoration (10ms)
Platform modules already initialized, skipping
Refreshing native plugins compatible for Editor in 0.76 ms, found 3 plugins.
Preloading 0 native plugins for Editor in 0.00 ms.
Unloading 2204 Unused Serialized files (Serialized files now loaded: 0)
System memory in use before: 100.3 MB.
System memory in use after: 100.3 MB.

Unloading 20 unused Assets to reduce memory usage. Loaded Objects now: 2672.
Total: 4.983200 ms (FindLiveObjects: 0.277300 ms CreateObjectMapping: 0.085400 ms MarkObjects: 4.393300 ms  DeleteObjects: 0.211600 ms)

AssetImportParameters requested are different than current active one (requested -> active):
  custom:framework-win-MediaFoundation: 216162199b28c13a410421893ffa2e32 -> 
  custom:video-decoder-ogg-theora: a1e56fd34408186e4bbccfd4996cb3dc -> 
  custom:container-muxer-webm: aa71ff27fc2769a1b78a27578f13a17b -> 
  custom:container-demuxer-webm: 4f35f7cbe854078d1ac9338744f61a02 -> 
  custom:container-demuxer-ogg: 62fdf1f143b41e24485cea50d1cbac27 -> 
  custom:video-encoder-webm-vp8: eb34c28f22e8b96e1ab97ce403110664 -> 
  custom:video-codec-MediaFoundation-h265: 746d11721c4dcdbdad8f713fa42b33f4 -> 
  custom:video-decoder-webm-vp8: 9c59270c3fd7afecdb556c50c9e8de78 -> 
  custom:audio-decoder-ogg-vorbis: bf7c407c2cedff20999df2af8eb42d56 -> 
  custom:audio-encoder-webm-vorbis: bf7c407c2cedff20999df2af8eb42d56 -> 
========================================================================
Received Import Request.
  Time since last request: 142.529060 seconds.
  path: Assets/Scenes/FightArena.unity
  artifactKey: Guid(76d7daa346079ed4f9ffa0481aff8cef) Importer(815301076,1909f56bfc062723c751e8b465ee728b)
Start importing Assets/Scenes/FightArena.unity using Guid(76d7daa346079ed4f9ffa0481aff8cef) Importer(815301076,1909f56bfc062723c751e8b465ee728b)  -> (artifact id: '929370a82769abcb92cb3cd01f608826') in 0.013464 seconds 
========================================================================
Received Import Request.
  Time since last request: 68.466407 seconds.
  path: Assets/Scenes/OpeningScene.unity
  artifactKey: Guid(21359f1bd5117704a8fc60731519c174) Importer(815301076,1909f56bfc062723c751e8b465ee728b)
Start importing Assets/Scenes/OpeningScene.unity using Guid(21359f1bd5117704a8fc60731519c174) Importer(815301076,1909f56bfc062723c751e8b465ee728b)  -> (artifact id: '0de7ae60c0a3f18df7e4d365b1b3dd91') in 0.003788 seconds 
========================================================================
Received Prepare
Registering precompiled user dll's ...
Registered in 0.002465 seconds.
Begin MonoManager ReloadAssembly
Symbol file data-000002B116664010 doesn't match image C:\Users\arsht\OneDrive\Documents\GitHub\Pugs-Frogs-IN-SPACE\PAFIS\Library\ScriptAssemblies\Unity.2D.Animation.Editor.dll
Symbol file LoadedFromMemory is not a mono symbol file
Symbol file data-000002B119F10690 doesn't match image C:\Users\arsht\OneDrive\Documents\GitHub\Pugs-Frogs-IN-SPACE\PAFIS\Library\ScriptAssemblies\Unity.InternalAPIEngineBridge.001.dll
Symbol file LoadedFromMemory is not a mono symbol file
Symbol file data-000002B1165E14C0 doesn't match image C:\Users\arsht\OneDrive\Documents\GitHub\Pugs-Frogs-IN-SPACE\PAFIS\Library\ScriptAssemblies\Unity.VSCode.Editor.dll
Symbol file LoadedFromMemory is not a mono symbol file
Symbol file data-000002B110EEB1C0 doesn't match image C:\Users\arsht\OneDrive\Documents\GitHub\Pugs-Frogs-IN-SPACE\PAFIS\Library\ScriptAssemblies\Unity.2D.PixelPerfect.dll
Symbol file LoadedFromMemory is not a mono symbol file
Symbol file data-000002B116CEE030 doesn't match image C:\Users\arsht\OneDrive\Documents\GitHub\Pugs-Frogs-IN-SPACE\PAFIS\Library\ScriptAssemblies\Unity.2D.Tilemap.Editor.dll
Symbol file LoadedFromMemory is not a mono symbol file
Symbol file data-000002B1114AF020 doesn't match image C:\Users\arsht\OneDrive\Documents\GitHub\Pugs-Frogs-IN-SPACE\PAFIS\Library\ScriptAssemblies\PsdPlugin.dll
Symbol file LoadedFromMemory is not a mono symbol file
Symbol file data-000002B1185F0090 doesn't match image C:\Users\arsht\OneDrive\Documents\GitHub\Pugs-Frogs-IN-SPACE\PAFIS\Library\ScriptAssemblies\Unity.TextMeshPro.Editor.dll
Symbol file LoadedFromMemory is not a mono symbol file
Symbol file data-000002B11735F030 doesn't match image C:\Users\arsht\OneDrive\Documents\GitHub\Pugs-Frogs-IN-SPACE\PAFIS\Library\ScriptAssemblies\Unity.VisualStudio.Editor.dll
Symbol file LoadedFromMemory is not a mono symbol file
Symbol file data-000002B1157EA430 doesn't match image C:\Users\arsht\OneDrive\Documents\GitHub\Pugs-Frogs-IN-SPACE\PAFIS\Library\ScriptAssemblies\UnityEngine.TestRunner.dll
Symbol file LoadedFromMemory is not a mono symbol file
Symbol file data-000002B116CEE030 doesn't match image C:\Users\arsht\OneDrive\Documents\GitHub\Pugs-Frogs-IN-SPACE\PAFIS\Library\ScriptAssemblies\Unity.Timeline.dll
Symbol file LoadedFromMemory is not a mono symbol file
Symbol file data-000002B13AE62010 doesn't match image C:\Users\arsht\OneDrive\Documents\GitHub\Pugs-Frogs-IN-SPACE\PAFIS\Library\ScriptAssemblies\Unity.TextMeshPro.dll
Symbol file LoadedFromMemory is not a mono symbol file
Symbol file data-000002B118F870C0 doesn't match image C:\Users\arsht\OneDrive\Documents\GitHub\Pugs-Frogs-IN-SPACE\PAFIS\Library\ScriptAssemblies\UnityEditor.TestRunner.dll
Symbol file LoadedFromMemory is not a mono symbol file
Symbol file data-000002B1165E14C0 doesn't match image C:\Users\arsht\OneDrive\Documents\GitHub\Pugs-Frogs-IN-SPACE\PAFIS\Library\ScriptAssemblies\Unity.2D.IK.Editor.dll
Symbol file LoadedFromMemory is not a mono symbol file
Symbol file data-000002B1196C4030 doesn't match image C:\Users\arsht\OneDrive\Documents\GitHub\Pugs-Frogs-IN-SPACE\PAFIS\Library\ScriptAssemblies\Unity.2D.Sprite.Editor.dll
Symbol file LoadedFromMemory is not a mono symbol file
Symbol file data-000002B11735F030 doesn't match image C:\Users\arsht\OneDrive\Documents\GitHub\Pugs-Frogs-IN-SPACE\PAFIS\Library\ScriptAssemblies\Unity.2D.Psdimporter.Editor.dll
Symbol file LoadedFromMemory is not a mono symbol file
Symbol file data-000002B1158CA040 doesn't match image C:\Users\arsht\OneDrive\Documents\GitHub\Pugs-Frogs-IN-SPACE\PAFIS\Library\ScriptAssemblies\Unity.2D.Path.Editor.dll
Symbol file LoadedFromMemory is not a mono symbol file
Symbol file data-000002B118F984D0 doesn't match image C:\Users\arsht\OneDrive\Documents\GitHub\Pugs-Frogs-IN-SPACE\PAFIS\Library\ScriptAssemblies\Unity.InternalAPIEditorBridge.001.dll
Symbol file LoadedFromMemory is not a mono symbol file
Symbol file data-000002B11735F030 doesn't match image C:\Users\arsht\OneDrive\Documents\GitHub\Pugs-Frogs-IN-SPACE\PAFIS\Library\ScriptAssemblies\UnityEditor.UI.dll
Symbol file LoadedFromMemory is not a mono symbol file
Symbol file data-000002B117153010 doesn't match image C:\Users\arsht\OneDrive\Documents\GitHub\Pugs-Frogs-IN-SPACE\PAFIS\Library\ScriptAssemblies\Unity.PlasticSCM.Editor.dll
Symbol file LoadedFromMemory is not a mono symbol file
Symbol file data-000002AF410D80E0 doesn't match image C:\Users\arsht\OneDrive\Documents\GitHub\Pugs-Frogs-IN-SPACE\PAFIS\Library\ScriptAssemblies\Unity.Rider.Editor.dll
Symbol file LoadedFromMemory is not a mono symbol file
Symbol file data-000002B116B11A20 doesn't match image C:\Users\arsht\OneDrive\Documents\GitHub\Pugs-Frogs-IN-SPACE\PAFIS\Library\ScriptAssemblies\UnityEngine.UI.dll
Symbol file LoadedFromMemory is not a mono symbol file
Symbol file data-000002B1154DE6F0 doesn't match image C:\Users\arsht\OneDrive\Documents\GitHub\Pugs-Frogs-IN-SPACE\PAFIS\Library\ScriptAssemblies\Unity.Mathematics.dll
Symbol file LoadedFromMemory is not a mono symbol file
Symbol file data-000002B1165E14C0 doesn't match image C:\Users\arsht\OneDrive\Documents\GitHub\Pugs-Frogs-IN-SPACE\PAFIS\Library\ScriptAssemblies\Unity.2D.IK.Runtime.dll
Symbol file LoadedFromMemory is not a mono symbol file
Symbol file data-000002AF410D80E0 doesn't match image C:\Users\arsht\OneDrive\Documents\GitHub\Pugs-Frogs-IN-SPACE\PAFIS\Library\ScriptAssemblies\Unity.Services.Core.Editor.dll
Symbol file LoadedFromMemory is not a mono symbol file
Symbol file data-000002B119521030 doesn't match image C:\Users\arsht\OneDrive\Documents\GitHub\Pugs-Frogs-IN-SPACE\PAFIS\Library\ScriptAssemblies\Unity.2D.Animation.Triangle.Editor.dll
Symbol file LoadedFromMemory is not a mono symbol file
Symbol file data-000002B13AD58C50 doesn't match image C:\Users\arsht\OneDrive\Documents\GitHub\Pugs-Frogs-IN-SPACE\PAFIS\Library\ScriptAssemblies\Unity.2D.Animation.Runtime.dll
Symbol file LoadedFromMemory is not a mono symbol file
Symbol file data-000002B1168E36B0 doesn't match image C:\Users\arsht\OneDrive\Documents\GitHub\Pugs-Frogs-IN-SPACE\PAFIS\Library\ScriptAssemblies\Unity.2D.PixelPerfect.Editor.dll
Symbol file LoadedFromMemory is not a mono symbol file
Symbol file data-000002B1159AF010 doesn't match image C:\Users\arsht\OneDrive\Documents\GitHub\Pugs-Frogs-IN-SPACE\PAFIS\Library\ScriptAssemblies\Unity.Timeline.Editor.dll
Symbol file LoadedFromMemory is not a mono symbol file
Symbol file data-000002B1157EA430 doesn't match image C:\Users\arsht\OneDrive\Documents\GitHub\Pugs-Frogs-IN-SPACE\PAFIS\Library\ScriptAssemblies\Unity.CollabProxy.Editor.dll
Symbol file LoadedFromMemory is not a mono symbol file
Symbol file data-000002B11610E820 doesn't match image C:\Users\arsht\OneDrive\Documents\GitHub\Pugs-Frogs-IN-SPACE\PAFIS\Library\ScriptAssemblies\Unity.Mathematics.Editor.dll
Symbol file LoadedFromMemory is not a mono symbol file
Symbol file data-000002B1199A8250 doesn't match image C:\Users\arsht\OneDrive\Documents\GitHub\Pugs-Frogs-IN-SPACE\PAFIS\Library\ScriptAssemblies\Unity.2D.Common.Runtime.dll
Symbol file LoadedFromMemory is not a mono symbol file
Symbol file data-000002B11735F030 doesn't match image C:\Users\arsht\OneDrive\Documents\GitHub\Pugs-Frogs-IN-SPACE\PAFIS\Library\ScriptAssemblies\Unity.2D.SpriteShape.Editor.dll
Symbol file LoadedFromMemory is not a mono symbol file
Symbol file data-000002B1165E14C0 doesn't match image C:\Users\arsht\OneDrive\Documents\GitHub\Pugs-Frogs-IN-SPACE\PAFIS\Library\ScriptAssemblies\Unity.2D.Common.Editor.dll
Symbol file LoadedFromMemory is not a mono symbol file
Symbol file data-000002B1196C4030 doesn't match image C:\Users\arsht\OneDrive\Documents\GitHub\Pugs-Frogs-IN-SPACE\PAFIS\Library\ScriptAssemblies\Unity.2D.SpriteShape.Runtime.dll
Symbol file LoadedFromMemory is not a mono symbol file
Native extension for WindowsStandalone target not found
Refreshing native plugins compatible for Editor in 0.54 ms, found 3 plugins.
Preloading 0 native plugins for Editor in 0.00 ms.
Mono: successfully reloaded assembly
- Completed reload, in  0.965 seconds
Domain Reload Profiling:
	ReloadAssembly (965ms)
		BeginReloadAssembly (123ms)
			ExecutionOrderSort (0ms)
			DisableScriptedObjects (10ms)
			BackupInstance (0ms)
			ReleaseScriptingObjects (0ms)
			CreateAndSetChildDomain (34ms)
		EndReloadAssembly (783ms)
			LoadAssemblies (102ms)
			RebuildTransferFunctionScriptingTraits (0ms)
			SetupTypeCache (244ms)
			ReleaseScriptCaches (1ms)
			RebuildScriptCaches (59ms)
			SetupLoadedEditorAssemblies (287ms)
				LogAssemblyErrors (0ms)
				InitializePlatformSupportModulesInManaged (4ms)
				SetLoadedEditorAssemblies (0ms)
				RefreshPlugins (1ms)
				BeforeProcessingInitializeOnLoad (58ms)
				ProcessInitializeOnLoadAttributes (206ms)
				ProcessInitializeOnLoadMethodAttributes (14ms)
				AfterProcessingInitializeOnLoad (4ms)
				EditorAssembliesLoaded (0ms)
			ExecutionOrderSort2 (0ms)
			AwakeInstancesAfterBackupRestoration (4ms)
Platform modules already initialized, skipping
Refreshing native plugins compatible for Editor in 0.52 ms, found 3 plugins.
Preloading 0 native plugins for Editor in 0.00 ms.
Unloading 2204 Unused Serialized files (Serialized files now loaded: 0)
System memory in use before: 100.4 MB.
System memory in use after: 100.3 MB.

Unloading 20 unused Assets to reduce memory usage. Loaded Objects now: 2675.
Total: 5.233400 ms (FindLiveObjects: 0.299500 ms CreateObjectMapping: 0.159800 ms MarkObjects: 4.573100 ms  DeleteObjects: 0.198600 ms)

AssetImportParameters requested are different than current active one (requested -> active):
  custom:framework-win-MediaFoundation: 216162199b28c13a410421893ffa2e32 -> 
  custom:video-decoder-ogg-theora: a1e56fd34408186e4bbccfd4996cb3dc -> 
  custom:container-muxer-webm: aa71ff27fc2769a1b78a27578f13a17b -> 
  custom:container-demuxer-webm: 4f35f7cbe854078d1ac9338744f61a02 -> 
  custom:container-demuxer-ogg: 62fdf1f143b41e24485cea50d1cbac27 -> 
  custom:video-encoder-webm-vp8: eb34c28f22e8b96e1ab97ce403110664 -> 
  custom:video-codec-MediaFoundation-h265: 746d11721c4dcdbdad8f713fa42b33f4 -> 
  custom:video-decoder-webm-vp8: 9c59270c3fd7afecdb556c50c9e8de78 -> 
  custom:audio-decoder-ogg-vorbis: bf7c407c2cedff20999df2af8eb42d56 -> 
  custom:audio-encoder-webm-vorbis: bf7c407c2cedff20999df2af8eb42d56 -> 
AssetImportWorkerClient::OnTransportError - code=2 error=End of file
